{"client_id":"EpAJ_TnnX","level":"info","message":"undefined","timestamp":"2018-10-09T08:45:40.768Z"}
{"client_id":"R1n0yDpvd","level":"info","message":"undefined","timestamp":"2018-10-09T08:45:52.607Z"}
{"client_id":"AGApBOb8I","level":"info","message":"undefined","timestamp":"2018-10-09T11:56:25.004Z"}
{"client_id":"drsfOWe1e","level":"info","message":"undefined","timestamp":"2018-10-10T07:58:31.904Z"}
{"client_id":"0sqOtv3SF","level":"info","message":"undefined","timestamp":"2018-10-10T08:06:06.166Z"}
{"client_id":"OMTUsXGIm","level":"info","message":"undefined","timestamp":"2018-10-10T08:08:30.549Z"}
{"client_id":"A_eQXXanh","level":"info","message":"undefined","timestamp":"2018-10-10T08:23:20.476Z"}
{"client_id":"IinUzCB-q","level":"info","message":"undefined","timestamp":"2018-10-10T08:24:37.488Z"}
{"client_id":"3poJzMJbC","level":"info","message":"undefined","timestamp":"2018-10-10T08:25:47.247Z"}
{"client_id":"3poJzMJbC","level":"info","message":"undefined","timestamp":"2018-10-10T08:26:55.748Z"}
{"client_id":"4VPDDUVbZ","level":"info","message":"undefined","timestamp":"2018-10-10T08:30:24.760Z"}
{"client_id":"co518L5fO","level":"info","message":"undefined","timestamp":"2018-10-10T08:34:35.671Z"}
{"client_id":"nDc27Uxbf","level":"info","message":"undefined","timestamp":"2018-10-10T08:35:30.090Z"}
{"client_id":"kNs8exJmj","level":"info","message":"undefined","timestamp":"2018-10-10T08:37:26.438Z"}
{"client_id":"sTq0He6-A","level":"info","message":"undefined","timestamp":"2018-10-10T08:38:22.588Z"}
{"client_id":"hLKy4CWOw","level":"info","message":"undefined","timestamp":"2018-10-10T08:38:35.662Z"}
{"client_id":"-sUsKs3VZ","level":"info","message":"undefined","timestamp":"2018-10-10T08:44:53.570Z"}
{"client_id":"mTwR8udYa","level":"info","message":"undefined","timestamp":"2018-10-10T08:44:58.961Z"}
{"client_id":"G6eZx-tsX","level":"info","message":"undefined","timestamp":"2018-10-10T08:48:08.073Z"}
{"client_id":"2AsJae0Fm","level":"info","message":"undefined","timestamp":"2018-10-10T08:48:16.073Z"}
{"client_id":"n5XnM8FNp","level":"info","message":"undefined","timestamp":"2018-10-10T09:22:46.028Z"}
{"client_id":"gyQ_6SS_M","level":"info","message":"undefined","timestamp":"2018-10-10T09:24:24.297Z"}
{"client_id":"bAA-8VPdh","level":"info","message":"undefined","timestamp":"2018-10-10T09:45:31.365Z"}
{"client_id":"CttkzXfxx","level":"info","message":"undefined","timestamp":"2018-10-10T09:46:39.910Z"}
{"client_id":"Wx3ohaRu1","level":"info","message":"undefined","timestamp":"2018-10-10T09:46:45.556Z"}
{"client_id":"JNsbTjE8n","level":"info","message":"undefined","timestamp":"2018-10-10T09:57:24.029Z"}
{"client_id":"KF5VY-_x2","level":"info","message":"undefined","timestamp":"2018-10-10T09:57:35.664Z"}
{"client_id":"cMjF1m0sO","level":"info","message":"undefined","timestamp":"2018-10-10T10:00:03.213Z"}
{"client_id":"Rh11mPoXY","level":"info","message":"undefined","timestamp":"2018-10-10T10:00:07.667Z"}
{"client_id":"pcDCaBBN8","level":"info","message":"undefined","timestamp":"2018-10-10T10:07:30.359Z"}
{"client_id":"Yp_NvGgYp","level":"info","message":"undefined","timestamp":"2018-10-10T10:07:49.049Z"}
{"client_id":"6i1IT9ZJX","level":"info","message":"undefined","timestamp":"2018-10-10T10:10:19.705Z"}
{"client_id":"HWe9EaJUE","level":"info","message":"undefined","timestamp":"2018-10-10T10:10:25.981Z"}
{"client_id":"ijBeHFlUI","level":"info","message":"undefined","timestamp":"2018-10-10T10:12:53.700Z"}
{"client_id":"Ai3uZ-Wv0","level":"info","message":"undefined","timestamp":"2018-10-10T10:12:57.489Z"}
{"client_id":"6Hj3R7F3J","level":"info","message":"undefined","timestamp":"2018-10-10T10:15:08.488Z"}
{"client_id":"-RLXhEFph","level":"info","message":"undefined","timestamp":"2018-10-10T10:15:11.503Z"}
{"client_id":"6Hj3R7F3J","level":"info","message":"undefined","timestamp":"2018-10-10T10:15:30.969Z"}
{"client_id":"eRg5Ur0cA","level":"info","message":"undefined","timestamp":"2018-10-10T10:20:48.548Z"}
{"client_id":"EMKmEPUMr","level":"info","message":"undefined","timestamp":"2018-10-10T10:20:56.026Z"}
{"client_id":"eRg5Ur0cA","level":"info","message":"undefined","timestamp":"2018-10-10T10:21:30.775Z"}
{"client_id":"d4VD9lyTH","level":"info","message":"undefined","timestamp":"2018-10-10T10:23:07.163Z"}
{"client_id":"UsPx496HE","level":"info","message":"undefined","timestamp":"2018-10-10T10:23:13.107Z"}
{"client_id":"d4VD9lyTH","level":"info","message":"undefined","timestamp":"2018-10-10T10:23:37.289Z"}
{"client_id":"UsPx496HE","level":"info","message":"undefined","timestamp":"2018-10-10T10:23:48.910Z"}
{"client_id":"d4VD9lyTH","level":"info","message":"undefined","timestamp":"2018-10-10T10:23:54.648Z"}
{"client_id":"d4VD9lyTH","level":"info","message":"undefined","timestamp":"2018-10-10T10:24:22.790Z"}
{"client_id":"RsqmR2gtJ","level":"info","message":"undefined","timestamp":"2018-10-10T12:07:30.246Z"}
{"client_id":"22koO0Iq_","level":"info","message":"undefined","timestamp":"2018-10-10T12:12:09.048Z"}
{"client_id":"Zx5ILwNhy","level":"info","message":"undefined","timestamp":"2018-10-10T12:16:53.938Z"}
{"client_id":"EsYErTTLS","level":"info","message":"undefined","timestamp":"2018-10-10T12:18:49.996Z"}
{"client_id":"1ddbIEJFc","level":"info","message":"undefined","timestamp":"2018-10-10T12:20:04.524Z"}
{"client_id":"Msqi-wbzZ","level":"info","message":"undefined","timestamp":"2018-10-10T12:21:26.030Z"}
{"client_id":"NkWhVZU2B","level":"info","message":"undefined","timestamp":"2018-10-10T12:23:27.065Z"}
{"client_id":"RZZbquTx2","level":"info","message":"undefined","timestamp":"2018-10-10T12:25:29.369Z"}
{"client_id":"Cnn2sqae5","level":"info","message":"undefined","timestamp":"2018-10-10T12:35:40.604Z"}
{"client_id":"wWlnFhIO1","level":"info","message":"undefined","timestamp":"2018-10-10T12:38:55.471Z"}
{"client_id":"oRTJtunJ3","level":"info","message":"undefined","timestamp":"2018-10-10T13:32:01.761Z"}
{"client_id":"13ZjRI38K","level":"info","message":"undefined","timestamp":"2018-10-10T13:33:53.665Z"}
{"client_id":"w2opUy9li","level":"info","message":"undefined","timestamp":"2018-10-10T13:34:43.785Z"}
{"client_id":"nAfLE1DV7","level":"info","message":"undefined","timestamp":"2018-10-10T13:36:57.472Z"}
{"client_id":"M2k9l947l","level":"info","message":"undefined","timestamp":"2018-10-10T13:47:36.073Z"}
{"client_id":"qoUMGcVK_","level":"info","message":"undefined","timestamp":"2018-10-10T13:48:34.595Z"}
{"client_id":"LKLVFEjHb","level":"info","message":"undefined","timestamp":"2018-10-10T13:52:17.194Z"}
{"client_id":"dPSJbTq27","level":"info","message":"undefined","timestamp":"2018-10-10T13:55:20.615Z"}
{"client_id":"eGylLhbL0","level":"info","message":"undefined","timestamp":"2018-10-10T13:57:10.771Z"}
{"client_id":"hRGikssfG","level":"info","message":"undefined","timestamp":"2018-10-11T06:44:05.462Z"}
{"client_id":"iTCehU-ty","level":"info","message":"undefined","timestamp":"2018-10-11T06:46:59.694Z"}
{"client_id":"TeyJC8IG8","level":"info","message":"undefined","timestamp":"2018-10-11T06:55:05.493Z"}
{"client_id":"yffmRTSkV","level":"info","message":"undefined","timestamp":"2018-10-11T06:56:25.019Z"}
{"client_id":"mnlXbBo9F","level":"info","message":"undefined","timestamp":"2018-10-11T06:57:18.514Z"}
{"client_id":"BH2jSP53B","level":"info","message":"undefined","timestamp":"2018-10-11T06:59:02.886Z"}
{"client_id":"o9XyUJ-FV","level":"info","message":"undefined","timestamp":"2018-10-11T07:02:12.159Z"}
{"client_id":"ESvNGHvyH","level":"info","message":"undefined","timestamp":"2018-10-12T08:40:01.524Z"}
{"client_id":"BpBgixlSa","level":"info","message":"undefined","timestamp":"2018-10-12T08:42:16.751Z"}
{"client_id":"Yy7d_arPp","level":"info","message":"undefined","timestamp":"2018-10-12T08:45:46.268Z"}
{"client_id":"r9xwusFvp","level":"info","message":"undefined","timestamp":"2018-10-12T08:46:41.771Z"}
{"client_id":"vrHv-z9qN","level":"info","message":"undefined","timestamp":"2018-10-12T08:47:29.702Z"}
{"client_id":"bTkW_pT7U","level":"info","message":"undefined","timestamp":"2018-10-12T08:48:30.235Z"}
{"client_id":"KcEzWuIr_","level":"info","message":"undefined","timestamp":"2018-10-12T08:55:36.921Z"}
{"client_id":"318w7M6hX","level":"info","message":"undefined","timestamp":"2018-10-12T08:56:42.258Z"}
{"client_id":"eYdx1-MFc","level":"info","message":"undefined","timestamp":"2018-10-12T09:03:03.697Z"}
{"client_id":"BYPq4mpwj","level":"info","message":"undefined","timestamp":"2018-10-12T09:03:42.897Z"}
{"client_id":"gXqeN1MlQ","level":"info","message":"undefined","timestamp":"2018-10-12T09:08:35.029Z"}
{"client_id":"B4cTiI67Q","level":"info","message":"undefined","timestamp":"2018-10-12T09:09:14.808Z"}
{"client_id":"DNxOXqxIx","level":"info","message":"undefined","timestamp":"2018-10-12T09:10:29.341Z"}
{"client_id":"GXmOTM0fs","level":"info","message":"undefined","timestamp":"2018-10-12T09:11:29.456Z"}
{"client_id":"Glc0aXedU","level":"info","message":"undefined","timestamp":"2018-10-12T09:12:08.003Z"}
{"client_id":"011JtNQVG","level":"info","message":"undefined","timestamp":"2018-10-12T09:13:21.170Z"}
{"client_id":"011JtNQVG","level":"info","message":"undefined","timestamp":"2018-10-12T09:14:39.687Z"}
{"client_id":"011JtNQVG","level":"info","message":"undefined","timestamp":"2018-10-12T09:14:47.251Z"}
{"client_id":"0cTqfbqrh","level":"info","message":"undefined","timestamp":"2018-10-12T09:19:20.502Z"}
{"client_id":"0cTqfbqrh","level":"info","message":"undefined","timestamp":"2018-10-12T09:25:03.227Z"}
{"client_id":"0cTqfbqrh","level":"info","message":"undefined","timestamp":"2018-10-12T09:27:03.923Z"}
{"client_id":"aEmyPogrT","level":"info","message":"undefined","timestamp":"2018-10-12T09:35:08.327Z"}
{"client_id":"yayxFOyww","level":"info","message":"undefined","timestamp":"2018-10-12T09:36:22.784Z"}
{"client_id":"TDDjZLEu3","level":"info","message":"undefined","timestamp":"2018-10-12T09:38:49.964Z"}
{"client_id":"K0ODed7aM","level":"info","message":"undefined","timestamp":"2018-10-12T09:40:23.277Z"}
{"client_id":"81EoS3K-7","level":"info","message":"undefined","timestamp":"2018-10-12T09:51:14.411Z"}
{"client_id":"eEnr7nLJE","level":"info","message":"undefined","timestamp":"2018-10-12T09:55:55.074Z"}
{"client_id":"D8Hi7upeJ","level":"info","message":"undefined","timestamp":"2018-10-12T09:57:40.587Z"}
{"client_id":"MSTANdCR0","level":"info","message":"undefined","timestamp":"2018-10-12T09:58:50.219Z"}
{"client_id":"IY5C8UxgS","level":"info","message":"undefined","timestamp":"2018-10-12T10:00:48.245Z"}
{"client_id":"KKeBjAw5E","level":"info","message":"undefined","timestamp":"2018-10-12T10:03:52.526Z"}
{"client_id":"ztbKALO6N","level":"info","message":"undefined","timestamp":"2018-10-12T10:05:34.873Z"}
{"client_id":"PFsSUJnYB","level":"info","message":"undefined","timestamp":"2018-10-12T10:07:09.146Z"}
{"client_id":"EwajbEqHf","level":"info","message":"undefined","timestamp":"2018-10-12T10:08:26.336Z"}
{"client_id":"JJAWG0DqF","level":"info","message":"undefined","timestamp":"2018-10-12T10:10:00.996Z"}
{"client_id":"eKq_d2WTm","level":"info","message":"undefined","timestamp":"2018-10-12T10:16:13.366Z"}
{"client_id":"uk1HEb27z","level":"info","message":"undefined","timestamp":"2018-10-12T10:57:46.333Z"}
{"client_id":"8z_4X9Yht","level":"info","message":"undefined","timestamp":"2018-10-12T11:03:15.397Z"}
{"client_id":"OE70mJ9l1","level":"info","message":"undefined","timestamp":"2018-10-12T11:04:55.893Z"}
{"client_id":"GAFBGsgYf","level":"info","message":"undefined","timestamp":"2018-10-12T11:05:38.950Z"}
{"client_id":"avLTZ6w48","level":"info","message":"undefined","timestamp":"2018-10-12T11:06:31.455Z"}
{"client_id":"cEWne4tHX","level":"info","message":"undefined","timestamp":"2018-10-12T11:10:01.988Z"}
{"client_id":"vCSGA1Etd","level":"info","message":"undefined","timestamp":"2018-10-12T11:11:48.339Z"}
{"client_id":"Vl2zZ17D2","level":"info","message":"undefined","timestamp":"2018-10-12T11:22:22.400Z"}
{"client_id":"-P5xTJdes","level":"info","message":"undefined","timestamp":"2018-10-12T11:24:11.140Z"}
{"client_id":"gYcNy0W44","level":"info","message":"undefined","timestamp":"2018-10-12T11:25:45.870Z"}
{"client_id":"eUpOp-qhI","level":"info","message":"undefined","timestamp":"2018-10-12T11:26:32.061Z"}
{"client_id":"rmzOQGC2W","level":"info","message":"undefined","timestamp":"2018-10-12T11:35:53.070Z"}
{"client_id":"QOYM7sqM_","level":"info","message":"undefined","timestamp":"2018-10-12T11:39:51.480Z"}
{"client_id":"yfUJC2he9","level":"info","message":"undefined","timestamp":"2018-10-12T11:41:24.276Z"}
{"client_id":"ZwNyZqTU9","level":"info","message":"undefined","timestamp":"2018-10-16T07:39:09.900Z"}
{"client_id":"OWQw5ejkp","level":"info","message":"undefined","timestamp":"2018-10-16T07:42:59.192Z"}
{"client_id":"AoFXm3-wH","level":"info","message":"undefined","timestamp":"2018-10-16T07:43:58.422Z"}
{"client_id":"JpoagBAQs","level":"info","message":"undefined","timestamp":"2018-10-16T07:48:03.445Z"}
{"client_id":"AwtsqBi5T","level":"info","message":"undefined","timestamp":"2018-10-16T07:49:20.934Z"}
{"client_id":"IcW9fu2Go","level":"info","message":"undefined","timestamp":"2018-10-16T07:50:19.709Z"}
{"client_id":"UBJG2aQHG","level":"info","message":"undefined","timestamp":"2018-10-16T08:01:10.840Z"}
{"client_id":"y7quTglf3","level":"info","message":"undefined","timestamp":"2018-10-16T08:03:03.620Z"}
{"client_id":"jgmoja8uP","level":"info","message":"undefined","timestamp":"2018-10-16T08:05:07.121Z"}
{"client_id":"ao7Ae_pya","level":"info","message":"undefined","timestamp":"2018-10-16T08:28:27.055Z"}
{"client_id":"tu0UOTXJ8","level":"info","message":"undefined","timestamp":"2018-10-16T08:29:38.965Z"}
{"client_id":"7FglJcGP5","level":"info","message":"undefined","timestamp":"2018-10-16T08:32:37.665Z"}
{"client_id":"j4hGfB5iI","level":"info","message":"undefined","timestamp":"2018-10-16T08:33:28.366Z"}
{"client_id":"Ed_dhtZ9g","level":"info","message":"undefined","timestamp":"2018-10-16T08:36:39.456Z"}
{"client_id":"VWwNZShGB","level":"info","message":"undefined","timestamp":"2018-10-16T08:38:58.385Z"}
{"client_id":"UwJuyMHkP","level":"info","message":"undefined","timestamp":"2018-10-16T08:40:17.412Z"}
{"client_id":"7hNAp8ddM","level":"info","message":"undefined","timestamp":"2018-10-16T08:41:21.038Z"}
{"client_id":"mAd4380ln","level":"info","message":"undefined","timestamp":"2018-10-16T08:44:15.292Z"}
{"client_id":"9Lg_CBh16","level":"info","message":"undefined","timestamp":"2018-10-16T08:45:00.536Z"}
{"client_id":"BzUaJ-ivu","level":"info","message":"undefined","timestamp":"2018-10-16T08:48:01.071Z"}
{"client_id":"n7syVpMLL","level":"info","message":"undefined","timestamp":"2018-10-16T09:19:46.122Z"}
{"client_id":"n7syVpMLL","level":"info","message":"undefined","timestamp":"2018-10-16T09:21:17.211Z"}
{"client_id":"napxEY8EX","level":"info","message":"undefined","timestamp":"2018-10-16T09:22:40.609Z"}
{"client_id":"3-8b_2j-U","level":"info","message":"undefined","timestamp":"2018-10-16T09:24:41.129Z"}
{"client_id":"SQ5zeYn5a","level":"info","message":"undefined","timestamp":"2018-10-16T09:25:18.117Z"}
{"client_id":"K7T6262RY","level":"info","message":"undefined","timestamp":"2018-10-16T09:26:43.923Z"}
{"client_id":"gcegEKOxq","level":"info","message":"undefined","timestamp":"2018-10-16T09:27:35.556Z"}
{"client_id":"KPf46yltq","level":"info","message":"undefined","timestamp":"2018-10-16T09:29:00.721Z"}
{"client_id":"3kZfF4RKi","level":"info","message":"undefined","timestamp":"2018-10-16T09:43:41.491Z"}
{"client_id":"MTpZO5S49","level":"info","message":"undefined","timestamp":"2018-10-16T09:44:57.180Z"}
{"client_id":"P7cS132lV","level":"info","message":"undefined","timestamp":"2018-10-16T09:45:49.761Z"}
{"client_id":"oqcd2z3a-","level":"info","message":"undefined","timestamp":"2018-10-16T09:48:00.233Z"}
{"client_id":"YH_aXRYez","level":"info","message":"undefined","timestamp":"2018-10-16T09:48:57.052Z"}
{"client_id":"vUNRUGUYk","level":"info","message":"undefined","timestamp":"2018-10-16T09:50:03.839Z"}
{"client_id":"CNjh634hb","level":"info","message":"undefined","timestamp":"2018-10-16T09:51:19.840Z"}
{"client_id":"CNjh634hb","level":"info","message":"undefined","timestamp":"2018-10-16T09:51:29.737Z"}
{"client_id":"3OT2SO-V6","level":"info","message":"undefined","timestamp":"2018-10-16T09:52:17.775Z"}
{"client_id":"e75zDDurR","level":"info","message":"undefined","timestamp":"2018-10-16T11:29:40.504Z"}
{"client_id":"uUiO_ybWS","level":"info","message":"undefined","timestamp":"2018-10-16T11:31:50.191Z"}
{"client_id":"IpSK4qY4N","level":"info","message":"undefined","timestamp":"2018-10-16T11:32:19.862Z"}
{"client_id":"XCv1sLuhU","level":"info","message":"undefined","timestamp":"2018-10-16T11:34:03.840Z"}
{"client_id":"NYlA9YSU8","level":"info","message":"undefined","timestamp":"2018-10-16T11:34:53.687Z"}
{"client_id":"kwOiEgyw9","level":"info","message":"undefined","timestamp":"2018-10-16T11:39:06.444Z"}
{"client_id":"mZGpRivpW","level":"info","message":"undefined","timestamp":"2018-10-16T11:39:41.534Z"}
{"client_id":"cNE9m813R","level":"info","message":"undefined","timestamp":"2018-10-16T11:42:04.316Z"}
{"client_id":"B-MZPAGZv","level":"info","message":"undefined","timestamp":"2018-10-16T11:43:11.387Z"}
{"client_id":"BV3DxTupp","level":"info","message":"undefined","timestamp":"2018-10-16T11:44:38.942Z"}
{"client_id":"5PPKv9Aa4","level":"info","message":"undefined","timestamp":"2018-10-16T11:47:25.131Z"}
{"client_id":"VF0hIjBTp","level":"info","message":"undefined","timestamp":"2018-10-16T11:50:39.295Z"}
{"client_id":"ZThMbyUmF","level":"info","message":"undefined","timestamp":"2018-10-16T12:09:36.240Z"}
{"client_id":"h6I5VDAPq","level":"info","message":"undefined","timestamp":"2018-10-16T12:13:01.805Z"}
{"client_id":"zo5BBq6mb","level":"info","message":"undefined","timestamp":"2018-10-16T12:13:50.962Z"}
{"client_id":"zo5BBq6mb","level":"info","message":"undefined","timestamp":"2018-10-16T12:16:16.109Z"}
{"client_id":"zo5BBq6mb","level":"info","message":"undefined","timestamp":"2018-10-16T12:33:05.140Z"}
{"client_id":"-RcfoPuqO","level":"info","message":"undefined","timestamp":"2018-10-17T08:44:56.762Z"}
{"client_id":"p7sL1nm6d","level":"info","message":"undefined","timestamp":"2018-10-17T08:46:11.063Z"}
{"client_id":"BI36bWLsM","level":"info","message":"undefined","timestamp":"2018-10-17T08:52:29.532Z"}
{"client_id":"rPwVZUtLm","level":"info","message":"undefined","timestamp":"2018-10-17T09:02:15.317Z"}
{"client_id":"eKmjK2HgW","level":"info","message":"undefined","timestamp":"2018-10-17T09:04:22.551Z"}
{"client_id":"nwp1XJPjz","level":"info","message":"undefined","timestamp":"2018-10-17T09:05:50.237Z"}
{"client_id":"nwp1XJPjz","level":"info","message":"undefined","timestamp":"2018-10-17T09:06:00.528Z"}
{"client_id":"ZhmMD7JET","level":"info","message":"undefined","timestamp":"2018-10-17T09:11:09.295Z"}
{"client_id":"ZhmMD7JET","level":"info","message":"undefined","timestamp":"2018-10-17T09:11:37.797Z"}
{"client_id":"Pq0fH30p0","level":"info","message":"undefined","timestamp":"2018-10-17T09:15:58.216Z"}
{"client_id":"DiwKDnOMB","level":"info","message":"undefined","timestamp":"2018-10-17T09:16:47.289Z"}
{"client_id":"9PSOrET40","level":"info","message":"undefined","timestamp":"2018-10-17T09:20:56.186Z"}
{"client_id":"PgEYb9Xbz","level":"info","message":"undefined","timestamp":"2018-10-17T09:24:38.229Z"}
{"client_id":"60Q9d0VtN","level":"info","message":"undefined","timestamp":"2018-10-17T09:31:10.542Z"}
{"client_id":"KvetVyNLl","level":"info","message":"undefined","timestamp":"2018-10-17T09:32:37.831Z"}
{"client_id":"4aDUgHqHo","level":"info","message":"undefined","timestamp":"2018-10-17T09:36:29.325Z"}
{"client_id":"eytOZ1-6E","level":"info","message":"undefined","timestamp":"2018-10-17T09:37:18.702Z"}
{"client_id":"8n_q3qC2E","level":"info","message":"undefined","timestamp":"2018-10-17T09:45:17.867Z"}
{"client_id":"fwjV_2JMF","level":"info","message":"undefined","timestamp":"2018-10-17T09:48:23.493Z"}
{"client_id":"duiUC-rmK","level":"info","message":"undefined","timestamp":"2018-10-17T09:49:57.755Z"}
{"client_id":"oQUKRr6fV","level":"info","message":"undefined","timestamp":"2018-10-17T09:54:53.564Z"}
{"client_id":"4ObV748xM","level":"info","message":"undefined","timestamp":"2018-10-17T09:55:43.168Z"}
{"client_id":"j1ZkN4FZc","level":"info","message":"undefined","timestamp":"2018-10-17T09:58:51.714Z"}
{"client_id":"89uBM2w8E","level":"info","message":"undefined","timestamp":"2018-10-17T10:00:31.893Z"}
{"client_id":"uaPnk3xyI","level":"info","message":"undefined","timestamp":"2018-10-17T10:04:57.754Z"}
{"client_id":"OjtdacVtG","level":"info","message":"undefined","timestamp":"2018-10-17T10:06:21.202Z"}
{"client_id":"Ptf08WZ2x","level":"info","message":"undefined","timestamp":"2018-10-17T10:06:59.746Z"}
{"client_id":"jwgo4iC98","level":"info","message":"undefined","timestamp":"2018-10-17T10:09:14.613Z"}
{"client_id":"-g4pRvk80","level":"info","message":"undefined","timestamp":"2018-10-17T10:13:29.998Z"}
{"client_id":"ago11hnL3","level":"info","message":"undefined","timestamp":"2018-10-17T10:48:44.715Z"}
{"client_id":"d1gsSJwbF","level":"info","message":"undefined","timestamp":"2018-10-17T10:51:50.989Z"}
{"client_id":"ujRhq3-YJ","level":"info","message":"undefined","timestamp":"2018-10-17T10:52:31.815Z"}
{"client_id":"q_nqgqCYc","level":"info","message":"undefined","timestamp":"2018-10-17T10:54:01.436Z"}
{"client_id":"omKuSRj_F","level":"info","message":"undefined","timestamp":"2018-10-17T10:55:50.209Z"}
{"client_id":"omKuSRj_F","level":"info","message":"undefined","timestamp":"2018-10-17T10:56:10.562Z"}
{"client_id":"G-lOnd3qP","level":"info","message":"undefined","timestamp":"2018-10-17T10:58:53.502Z"}
{"client_id":"xsVO4aauc","level":"info","message":"undefined","timestamp":"2018-10-17T11:06:09.336Z"}
{"client_id":"xsVO4aauc","level":"info","message":"undefined","timestamp":"2018-10-17T11:06:17.721Z"}
{"client_id":"SSeFquMP6","level":"info","message":"undefined","timestamp":"2018-10-17T11:09:30.409Z"}
{"client_id":"ZZbJgvI8h","level":"info","message":"undefined","timestamp":"2018-10-17T11:11:39.483Z"}
{"client_id":"ZZbJgvI8h","level":"info","message":"undefined","timestamp":"2018-10-17T11:12:10.620Z"}
{"client_id":"eS8RSJI_9","level":"info","message":"undefined","timestamp":"2018-10-17T11:13:51.118Z"}
{"client_id":"EWcdKRIno","level":"info","message":"undefined","timestamp":"2018-10-17T11:17:21.864Z"}
{"client_id":"D5tmDYk-h","level":"info","message":"undefined","timestamp":"2018-10-17T11:18:19.216Z"}
{"client_id":"TkuAcBilQ","level":"info","message":"undefined","timestamp":"2018-10-17T11:18:57.089Z"}
{"client_id":"mlUeMYTt_","level":"info","message":"undefined","timestamp":"2018-10-17T11:19:58.775Z"}
{"client_id":"E0wyNcSdG","level":"info","message":"undefined","timestamp":"2018-10-17T11:20:37.709Z"}
{"client_id":"E0wyNcSdG","level":"info","message":"undefined","timestamp":"2018-10-17T11:20:55.762Z"}
{"client_id":"FUTgLi611","level":"info","message":"undefined","timestamp":"2018-10-17T11:22:33.408Z"}
{"client_id":"FUTgLi611","level":"info","message":"undefined","timestamp":"2018-10-17T11:22:46.283Z"}
{"client_id":"6CestKKLu","level":"info","message":"undefined","timestamp":"2018-10-17T11:27:43.905Z"}
{"client_id":"s2A-OwwP0","level":"info","message":"undefined","timestamp":"2018-10-17T11:33:49.622Z"}
{"client_id":"HznHwEsmC","level":"info","message":"undefined","timestamp":"2018-10-17T11:34:55.181Z"}
{"client_id":"4Oah3yex-","level":"info","message":"undefined","timestamp":"2018-10-17T11:35:51.505Z"}
{"client_id":"_JYniPiws","level":"info","message":"undefined","timestamp":"2018-10-17T11:38:16.882Z"}
{"client_id":"LsWtpuARi","level":"info","message":"undefined","timestamp":"2018-10-17T11:38:55.347Z"}
{"client_id":"ZlVgY-xLd","level":"info","message":"undefined","timestamp":"2018-10-17T11:44:06.762Z"}
{"client_id":"32-7aElDI","level":"info","message":"undefined","timestamp":"2018-10-17T11:45:23.636Z"}
{"client_id":"2q9KQrkaa","level":"info","message":"undefined","timestamp":"2018-10-17T11:46:23.202Z"}
{"client_id":"2q9KQrkaa","level":"info","message":"undefined","timestamp":"2018-10-17T11:46:45.576Z"}
{"client_id":"Y1V_MmjX9","level":"info","message":"undefined","timestamp":"2018-10-17T11:51:22.585Z"}
{"client_id":"QI_Yq6aFo","level":"info","message":"undefined","timestamp":"2018-10-17T11:53:54.877Z"}
{"client_id":"bIH1_UznG","level":"info","message":"undefined","timestamp":"2018-10-17T11:56:09.210Z"}
{"client_id":"SwBmJAgE-","level":"info","message":"undefined","timestamp":"2018-10-17T11:56:50.362Z"}
{"client_id":"B8EHXabT6","level":"info","message":"undefined","timestamp":"2018-10-17T12:01:20.074Z"}
{"client_id":"kT3YKkz4t","level":"info","message":"undefined","timestamp":"2018-10-17T12:02:19.534Z"}
{"client_id":"kT3YKkz4t","level":"info","message":"undefined","timestamp":"2018-10-17T12:03:54.950Z"}
{"client_id":"rUQjzFQQX","level":"info","message":"undefined","timestamp":"2018-10-17T12:10:23.742Z"}
{"client_id":"VU_vYB128","level":"info","message":"undefined","timestamp":"2018-10-17T12:12:04.650Z"}
{"client_id":"S1xCdrb9t","level":"info","message":"undefined","timestamp":"2018-10-17T12:13:27.145Z"}
{"client_id":"7yUVYrJUe","level":"info","message":"undefined","timestamp":"2018-10-17T12:14:29.976Z"}
{"client_id":"7yUVYrJUe","level":"info","message":"undefined","timestamp":"2018-10-17T12:14:42.843Z"}
{"client_id":"7yUVYrJUe","level":"info","message":"undefined","timestamp":"2018-10-17T12:21:58.028Z"}
{"client_id":"bGBsD8EK6","level":"info","message":"undefined","timestamp":"2018-10-17T12:52:06.619Z"}
{"client_id":"G01jnIr8_","level":"info","message":"undefined","timestamp":"2018-10-17T12:53:14.298Z"}
{"client_id":"lIybOFMcW","level":"info","message":"undefined","timestamp":"2018-10-17T12:54:15.346Z"}
{"client_id":"jxrJq9bLe","level":"info","message":"undefined","timestamp":"2018-10-17T12:56:50.746Z"}
{"client_id":"P0tJXP0pm","level":"info","message":"undefined","timestamp":"2018-10-17T12:58:05.435Z"}
{"client_id":"JHQ-j7WZW","level":"info","message":"undefined","timestamp":"2018-10-17T12:59:26.892Z"}
{"client_id":"bLH-s6TSa","level":"info","message":"undefined","timestamp":"2018-10-17T13:02:57.966Z"}
{"client_id":"zYqI55NSx","level":"info","message":"undefined","timestamp":"2018-10-17T13:07:58.935Z"}
{"client_id":"5BZEh3fzG","level":"info","message":"undefined","timestamp":"2018-10-17T13:08:50.472Z"}
{"client_id":"Lm7KPyOl7","level":"info","message":"undefined","timestamp":"2018-10-17T13:13:38.852Z"}
{"client_id":"0y_qWvu4D","level":"info","message":"undefined","timestamp":"2018-10-17T13:15:53.406Z"}
{"client_id":"rtoCjzSDP","level":"info","message":"undefined","timestamp":"2018-10-17T13:16:49.576Z"}
{"client_id":"p28QZDY5n","level":"info","message":"undefined","timestamp":"2018-10-17T13:17:43.818Z"}
{"client_id":"p28QZDY5n","level":"info","message":"undefined","timestamp":"2018-10-17T13:17:55.768Z"}
{"client_id":"p28QZDY5n","level":"info","message":"undefined","timestamp":"2018-10-17T13:19:21.092Z"}
{"client_id":"RYt0a3k8B","level":"info","message":"undefined","timestamp":"2018-10-18T08:10:13.611Z"}
{"client_id":"Gy9FkO5rm","level":"info","message":"undefined","timestamp":"2018-10-18T08:13:41.949Z"}
{"client_id":"68nqNi5bS","level":"info","message":"undefined","timestamp":"2018-10-18T08:14:28.283Z"}
{"client_id":"UO-tTKao8","level":"info","message":"undefined","timestamp":"2018-10-18T08:15:17.692Z"}
{"client_id":"QpNwspBaB","level":"info","message":"undefined","timestamp":"2018-10-18T08:28:52.637Z"}
{"client_id":"UUGK0Ku4j","level":"info","message":"undefined","timestamp":"2018-10-18T08:35:04.114Z"}
{"client_id":"dOt-gt_O8","level":"info","message":"undefined","timestamp":"2018-10-18T08:36:18.440Z"}
{"client_id":"UWSf_jxpn","level":"info","message":"undefined","timestamp":"2018-10-18T08:37:50.626Z"}
{"client_id":"sYr4VIi12","level":"info","message":"undefined","timestamp":"2018-10-18T08:40:40.798Z"}
{"client_id":"YQAq1sd-K","level":"info","message":"undefined","timestamp":"2018-10-18T08:41:57.599Z"}
{"client_id":"hkBq7IWuD","level":"info","message":"undefined","timestamp":"2018-10-18T08:49:26.171Z"}
{"client_id":"h4jD1oVNr","level":"info","message":"undefined","timestamp":"2018-10-18T08:54:59.061Z"}
{"client_id":"vUFINPlzf","level":"info","message":"undefined","timestamp":"2018-10-18T08:59:06.392Z"}
{"client_id":"JRzeaUutr","level":"info","message":"undefined","timestamp":"2018-10-18T09:01:32.213Z"}
{"client_id":"-rAqGVLdG","level":"info","message":"undefined","timestamp":"2018-10-18T09:03:08.192Z"}
{"client_id":"Lgf69FXfz","level":"info","message":"undefined","timestamp":"2018-10-18T09:10:04.545Z"}
{"client_id":"QFfZ6gcoQ","level":"info","message":"undefined","timestamp":"2018-10-18T09:12:39.645Z"}
{"client_id":"CrMEJDnUT","level":"info","message":"undefined","timestamp":"2018-10-18T09:13:30.185Z"}
{"client_id":"ILIB17Cwa","level":"info","message":"undefined","timestamp":"2018-10-18T09:15:53.341Z"}
{"client_id":"Nkshrn0Jl","level":"info","message":"undefined","timestamp":"2018-10-18T09:25:53.231Z"}
{"client_id":"RCTbQxckd","level":"info","message":"undefined","timestamp":"2018-10-18T09:41:49.731Z"}
{"client_id":"6I44X9juu","level":"info","message":"undefined","timestamp":"2018-10-18T09:42:47.375Z"}
{"client_id":"jKTkhUlo3","level":"info","message":"undefined","timestamp":"2018-10-18T09:48:32.550Z"}
{"client_id":"5sMm_ZkS5","level":"info","message":"undefined","timestamp":"2018-10-18T09:50:18.511Z"}
{"client_id":"6g7cUnk7q","level":"info","message":"undefined","timestamp":"2018-10-18T10:02:56.718Z"}
{"client_id":"vl2VqbJ4n","level":"info","message":"undefined","timestamp":"2018-10-18T10:18:22.099Z"}
{"client_id":"lo_uSowhB","level":"info","message":"undefined","timestamp":"2018-10-18T10:27:07.188Z"}
{"client_id":"TnzgKJKxf","level":"info","message":"undefined","timestamp":"2018-10-18T10:39:16.955Z"}
{"client_id":"BwlgyWUub","level":"info","message":"undefined","timestamp":"2018-10-18T10:41:35.761Z"}
{"client_id":"97jGqW5nf","level":"info","message":"undefined","timestamp":"2018-10-18T10:52:05.677Z"}
{"client_id":"XdO-6Zw4n","level":"info","message":"undefined","timestamp":"2018-10-18T10:52:40.487Z"}
{"client_id":"qNd4uM04Q","level":"info","message":"undefined","timestamp":"2018-10-18T10:57:22.386Z"}
{"client_id":"V-WjufxHF","level":"info","message":"undefined","timestamp":"2018-10-18T12:27:06.514Z"}
{"client_id":"4SjawtmPg","level":"info","message":"undefined","timestamp":"2018-10-18T12:27:46.896Z"}
{"client_id":"zlNdf-3cy","level":"info","message":"undefined","timestamp":"2018-10-18T12:30:16.540Z"}
{"client_id":"B7nOWncQZ","level":"info","message":"undefined","timestamp":"2018-10-18T12:36:55.441Z"}
{"client_id":"nL3IoxHl0","level":"info","message":"undefined","timestamp":"2018-10-18T12:41:24.419Z"}
{"client_id":"yWtVLvcf2","level":"info","message":"undefined","timestamp":"2018-10-18T12:45:54.858Z"}
{"client_id":"mCDZMiZfV","level":"info","message":"undefined","timestamp":"2018-10-18T12:46:51.326Z"}
{"client_id":"fJEMZu5WS","level":"info","message":"undefined","timestamp":"2018-10-18T12:51:26.248Z"}
{"client_id":"vqr7DwS3S","level":"info","message":"undefined","timestamp":"2018-10-18T12:53:20.603Z"}
{"client_id":"3YgoIECp2","level":"info","message":"undefined","timestamp":"2018-10-18T12:54:55.501Z"}
{"client_id":"M8nLtQzZa","level":"info","message":"undefined","timestamp":"2018-10-18T13:04:38.973Z"}
{"client_id":"Fj_OKqHBR","level":"info","message":"undefined","timestamp":"2018-10-18T13:14:38.695Z"}
{"client_id":"dNEYepWDb","level":"info","message":"undefined","timestamp":"2018-10-18T13:21:41.769Z"}
{"client_id":"sXp_xxrVW","level":"info","message":"undefined","timestamp":"2018-10-18T13:22:34.108Z"}
{"client_id":"sEy-mgR3M","level":"info","message":"undefined","timestamp":"2018-10-18T13:23:59.170Z"}
{"client_id":"kJAfVf_fW","level":"info","message":"undefined","timestamp":"2018-10-18T13:25:54.456Z"}
{"client_id":"ipuopY7Te","level":"info","message":"undefined","timestamp":"2018-10-18T13:30:36.657Z"}
{"client_id":"5LSfSpEGQ","level":"info","message":"undefined","timestamp":"2018-10-18T13:37:30.031Z"}
{"client_id":"sA0zzXrsM","level":"info","message":"undefined","timestamp":"2018-10-18T13:39:24.037Z"}
{"client_id":"sA0zzXrsM","level":"info","message":"undefined","timestamp":"2018-10-18T14:55:44.668Z"}
{"client_id":"sA0zzXrsM","level":"info","message":"undefined","timestamp":"2018-10-18T14:56:09.964Z"}
{"client_id":"Yf2U1_mdH","level":"info","message":"undefined","timestamp":"2018-10-23T07:59:03.268Z"}
{"client_id":"lBpBBsYHf","level":"info","message":"undefined","timestamp":"2018-10-23T08:02:43.494Z"}
{"client_id":"NG-vZvP-a","level":"info","message":"undefined","timestamp":"2018-10-23T08:09:44.866Z"}
{"client_id":"yQAgt3SCc","level":"info","message":"undefined","timestamp":"2018-10-23T08:12:44.686Z"}
{"client_id":"7pQLGm9qb","level":"info","message":"undefined","timestamp":"2018-10-23T08:13:36.785Z"}
{"client_id":"zaJ4GBxL2","level":"info","message":"undefined","timestamp":"2018-10-23T08:25:15.257Z"}
{"client_id":"tipMwCmDZ","level":"info","message":"undefined","timestamp":"2018-10-23T08:26:36.519Z"}
{"client_id":"B-V-5_uib","level":"info","message":"undefined","timestamp":"2018-10-23T08:29:42.139Z"}
{"client_id":"RxlvXdR9w","level":"info","message":"undefined","timestamp":"2018-10-23T08:31:01.420Z"}
{"client_id":"iGwSN-Xu5","level":"info","message":"undefined","timestamp":"2018-10-23T08:32:35.264Z"}
{"client_id":"Ayh4IGbT_","level":"info","message":"undefined","timestamp":"2018-10-23T08:34:21.210Z"}
{"client_id":"yvynSnMzt","level":"info","message":"undefined","timestamp":"2018-10-23T08:55:20.511Z"}
{"client_id":"xPANyBBhs","level":"info","message":"undefined","timestamp":"2018-10-23T08:57:15.261Z"}
{"client_id":"1wPyjIbkB","level":"info","message":"undefined","timestamp":"2018-10-23T08:58:40.445Z"}
{"client_id":"YXFzKsAW5","level":"info","message":"undefined","timestamp":"2018-10-23T09:00:02.556Z"}
{"client_id":"WIOaBMapL","level":"info","message":"undefined","timestamp":"2018-10-23T09:01:10.586Z"}
{"client_id":"9Hk8WUUVl","level":"info","message":"undefined","timestamp":"2018-10-23T09:02:56.045Z"}
{"client_id":"L__2GY6rt","level":"info","message":"undefined","timestamp":"2018-10-23T09:09:03.188Z"}
{"client_id":"Rb7fjHwh6","level":"info","message":"undefined","timestamp":"2018-10-23T09:16:07.367Z"}
{"client_id":"IoCfjTDzc","level":"info","message":"undefined","timestamp":"2018-10-23T09:19:17.893Z"}
{"client_id":"wdMHQWT_h","level":"info","message":"undefined","timestamp":"2018-10-23T09:20:32.200Z"}
{"client_id":"0YlX9A1yB","level":"info","message":"undefined","timestamp":"2018-10-23T09:26:49.770Z"}
{"client_id":"Y_KA0UjQ4","level":"info","message":"undefined","timestamp":"2018-10-23T09:28:59.142Z"}
{"client_id":"uMX-wpxyE","level":"info","message":"undefined","timestamp":"2018-10-23T09:35:54.318Z"}
{"client_id":"Jv7boGOK0","level":"info","message":"undefined","timestamp":"2018-10-23T09:42:08.281Z"}
{"client_id":"ZSTq_rugL","level":"info","message":"undefined","timestamp":"2018-10-23T09:46:59.880Z"}
{"client_id":"AT2Rnwq_e","level":"info","message":"undefined","timestamp":"2018-10-23T09:48:50.248Z"}
{"client_id":"viubMyqv4","level":"info","message":"undefined","timestamp":"2018-10-23T09:52:10.872Z"}
{"client_id":"B9lsEkGgL","level":"info","message":"undefined","timestamp":"2018-10-23T09:55:31.350Z"}
{"client_id":"o6b0EpOvC","level":"info","message":"undefined","timestamp":"2018-10-23T09:56:41.826Z"}
{"client_id":"qFeNgurZ0","level":"info","message":"undefined","timestamp":"2018-10-23T09:57:34.887Z"}
{"client_id":"mkO8sAK23","level":"info","message":"undefined","timestamp":"2018-10-23T10:53:37.508Z"}
{"client_id":"ReL69IyJe","level":"info","message":"undefined","timestamp":"2018-10-23T10:54:46.040Z"}
{"client_id":"R-GVEDJ48","level":"info","message":"undefined","timestamp":"2018-10-23T10:58:14.969Z"}
{"client_id":"sz9QfZlnC","level":"info","message":"undefined","timestamp":"2018-10-23T11:01:46.442Z"}
{"client_id":"avLpOh2w7","level":"info","message":"undefined","timestamp":"2018-10-23T11:02:59.000Z"}
{"client_id":"Q8lSe9rdn","level":"info","message":"undefined","timestamp":"2018-10-23T11:05:20.843Z"}
{"client_id":"3bBQRoQ92","level":"info","message":"undefined","timestamp":"2018-10-23T11:14:17.673Z"}
{"client_id":"xTo8js4Be","level":"info","message":"undefined","timestamp":"2018-10-23T11:15:22.132Z"}
{"client_id":"k-gsXVnJW","level":"info","message":"undefined","timestamp":"2018-10-23T11:16:35.716Z"}
{"client_id":"t0L3rRFW-","level":"info","message":"undefined","timestamp":"2018-10-23T11:17:13.861Z"}
{"client_id":"4Auy5ehdL","level":"info","message":"undefined","timestamp":"2018-10-23T11:18:12.131Z"}
{"client_id":"WSVWVCtmy","level":"info","message":"undefined","timestamp":"2018-10-23T11:18:51.440Z"}
{"client_id":"xha6Wwwag","level":"info","message":"undefined","timestamp":"2018-10-23T11:21:22.631Z"}
{"client_id":"48P_uh6cH","level":"info","message":"undefined","timestamp":"2018-10-23T11:22:01.803Z"}
{"client_id":"5fdF_-TZp","level":"info","message":"undefined","timestamp":"2018-10-23T11:22:46.763Z"}
{"client_id":"0FLkwrDNb","level":"info","message":"undefined","timestamp":"2018-10-23T11:26:28.198Z"}
{"client_id":"hZCTrC7zU","level":"info","message":"undefined","timestamp":"2018-10-23T11:28:14.773Z"}
{"client_id":"Rbsu8UQ-A","level":"info","message":"undefined","timestamp":"2018-10-23T11:30:27.809Z"}
{"client_id":"w7vqQGL2x","level":"info","message":"undefined","timestamp":"2018-10-23T11:31:31.291Z"}
{"client_id":"UhznfJcZP","level":"info","message":"undefined","timestamp":"2018-10-23T11:33:08.707Z"}
{"client_id":"eMzJdIAY7","level":"info","message":"undefined","timestamp":"2018-10-23T11:33:48.340Z"}
{"client_id":"xDXoBHfs7","level":"info","message":"undefined","timestamp":"2018-10-23T11:34:44.540Z"}
{"client_id":"WzziVPDuI","level":"info","message":"undefined","timestamp":"2018-10-23T11:35:44.037Z"}
{"client_id":"Psqur5i8f","level":"info","message":"undefined","timestamp":"2018-10-24T08:41:49.925Z"}
{"client_id":"KgPnT6OOz","level":"info","message":"undefined","timestamp":"2018-10-24T09:37:19.413Z"}
{"client_id":"WS9W3BXX2","level":"info","message":"undefined","timestamp":"2018-10-24T09:54:42.884Z"}
{"client_id":"55Az84P89","level":"info","message":"undefined","timestamp":"2018-10-24T10:28:40.088Z"}
{"client_id":"ioK16_g4C","level":"info","message":"undefined","timestamp":"2018-10-24T10:29:48.988Z"}
{"client_id":"UhZjLsaxq","level":"info","message":"undefined","timestamp":"2018-10-24T10:38:14.773Z"}
{"client_id":"n7QsiL4__","level":"info","message":"undefined","timestamp":"2018-10-24T10:42:17.301Z"}
{"client_id":"W68WEHSYr","level":"info","message":"undefined","timestamp":"2018-10-24T10:43:13.229Z"}
{"client_id":"D-Zux9vbO","level":"info","message":"undefined","timestamp":"2018-10-24T10:45:12.989Z"}
{"client_id":"67CfSdb3E","level":"info","message":"undefined","timestamp":"2018-10-24T10:55:04.706Z"}
{"client_id":"Yu5naL9eK","level":"info","message":"undefined","timestamp":"2018-10-24T10:56:25.099Z"}
{"client_id":"CWBp4nXEb","level":"info","message":"undefined","timestamp":"2018-10-24T10:58:17.336Z"}
{"client_id":"t08qN0gj0","level":"info","message":"undefined","timestamp":"2018-10-24T11:03:23.892Z"}
{"client_id":"7GNP0otJm","level":"info","message":"undefined","timestamp":"2018-10-24T11:10:12.826Z"}
{"client_id":"q-_TZ95Oe","level":"info","message":"undefined","timestamp":"2018-10-24T11:10:59.041Z"}
{"client_id":"r1RWbpOM_","level":"info","message":"undefined","timestamp":"2018-10-24T11:15:43.832Z"}
{"client_id":"pD1eDcx8J","level":"info","message":"undefined","timestamp":"2018-10-24T11:17:47.532Z"}
{"client_id":"81MKzFrEX","level":"info","message":"undefined","timestamp":"2018-10-24T11:21:31.165Z"}
{"client_id":"IgxuKVeWq","level":"info","message":"undefined","timestamp":"2018-10-24T11:22:46.178Z"}
{"client_id":"UxtIOnHqC","level":"info","message":"undefined","timestamp":"2018-10-24T11:23:39.488Z"}
{"client_id":"K2xiQX-jp","level":"info","message":"undefined","timestamp":"2018-10-24T11:24:43.915Z"}
{"client_id":"Ek78U6UwY","level":"info","message":"undefined","timestamp":"2018-10-24T11:25:20.684Z"}
{"client_id":"6XHAfLfc8","level":"info","message":"undefined","timestamp":"2018-10-24T11:25:53.110Z"}
{"client_id":"s5lwc7jaI","level":"info","message":"undefined","timestamp":"2018-10-24T11:27:52.236Z"}
{"client_id":"ijaBJBB5r","level":"info","message":"undefined","timestamp":"2018-10-24T11:29:53.332Z"}
{"client_id":"j6iB0H9h7","level":"info","message":"undefined","timestamp":"2018-10-24T11:31:22.256Z"}
{"client_id":"2rg4AZ10c","level":"info","message":"undefined","timestamp":"2018-10-24T11:34:33.767Z"}
{"client_id":"5-TYKd9rQ","level":"info","message":"undefined","timestamp":"2018-10-24T11:36:35.501Z"}
{"client_id":"UXwmgpjUs","level":"info","message":"undefined","timestamp":"2018-10-24T11:45:01.113Z"}
{"client_id":"5U5OzEFIx","level":"info","message":"undefined","timestamp":"2018-10-24T11:46:04.886Z"}
{"client_id":"5U5OzEFIx","level":"info","message":"undefined","timestamp":"2018-10-24T11:46:14.186Z"}
{"client_id":"vP78lGcdE","level":"info","message":"undefined","timestamp":"2018-10-24T11:48:24.816Z"}
{"client_id":"xHbBSSgKy","level":"info","message":"undefined","timestamp":"2018-10-24T11:49:28.922Z"}
{"client_id":"xv6UphYhF","level":"info","message":"undefined","timestamp":"2018-10-24T11:50:45.019Z"}
{"client_id":"7uHyYxXZm","level":"info","message":"undefined","timestamp":"2018-10-24T11:52:17.299Z"}
{"client_id":"KoeP2HvMC","level":"info","message":"undefined","timestamp":"2018-10-24T11:53:16.761Z"}
{"client_id":"Lff_lXtiH","level":"info","message":"undefined","timestamp":"2018-10-24T11:53:58.317Z"}
{"client_id":"nxPH1LTng","level":"info","message":"undefined","timestamp":"2018-10-24T12:07:06.994Z"}
{"client_id":"aeskqM2UC","level":"info","message":"undefined","timestamp":"2018-10-24T12:07:58.431Z"}
{"client_id":"_2tvcjv4Y","level":"info","message":"undefined","timestamp":"2018-10-24T12:12:39.643Z"}
{"client_id":"sAyHQ9IwN","level":"info","message":"undefined","timestamp":"2018-10-24T12:13:41.856Z"}
{"client_id":"uDgb726K7","level":"info","message":"undefined","timestamp":"2018-10-24T12:18:29.221Z"}
{"client_id":"bC_7Y1rjQ","level":"info","message":"undefined","timestamp":"2018-10-24T12:20:02.990Z"}
{"client_id":"303dbVPiF","level":"info","message":"undefined","timestamp":"2018-10-24T12:21:32.057Z"}
{"client_id":"Sc6jLI6Jf","level":"info","message":"undefined","timestamp":"2018-10-24T12:28:41.007Z"}
{"client_id":"FRwQ2jCYL","level":"info","message":"undefined","timestamp":"2018-10-24T12:33:56.868Z"}
{"client_id":"oKFU080wj","level":"info","message":"undefined","timestamp":"2018-10-24T12:40:38.520Z"}
{"client_id":"zPbksbiFh","level":"info","message":"undefined","timestamp":"2018-10-24T12:45:47.906Z"}
{"client_id":"euUkGIS91","level":"info","message":"undefined","timestamp":"2018-10-24T12:47:19.997Z"}
{"client_id":"tJToLbxst","level":"info","message":"undefined","timestamp":"2018-10-24T12:48:06.744Z"}
{"client_id":"RT7tskOZ-","level":"info","message":"undefined","timestamp":"2018-10-24T12:49:13.024Z"}
{"client_id":"AkKwZo9Et","level":"info","message":"undefined","timestamp":"2018-10-24T12:50:36.133Z"}
{"client_id":"AkKwZo9Et","level":"info","message":"undefined","timestamp":"2018-10-24T12:51:16.795Z"}
{"client_id":"wqmfCNARe","level":"info","message":"undefined","timestamp":"2018-10-24T12:53:44.662Z"}
{"client_id":"jSl6Pbvt9","level":"info","message":"undefined","timestamp":"2018-10-24T12:54:40.322Z"}
{"client_id":"jSl6Pbvt9","level":"info","message":"undefined","timestamp":"2018-10-24T12:54:53.213Z"}
{"client_id":"EUrJkgpEe","level":"info","message":"undefined","timestamp":"2018-10-24T12:56:38.337Z"}
{"client_id":"rpyD8v-U8","level":"info","message":"undefined","timestamp":"2018-10-24T13:01:51.177Z"}
{"client_id":"rpyD8v-U8","level":"info","message":"undefined","timestamp":"2018-10-24T13:30:56.773Z"}
{"client_id":"YxEce3kMp","level":"info","message":"undefined","timestamp":"2018-10-25T06:38:11.910Z"}
{"client_id":"M7WhYjvIR","level":"info","message":"undefined","timestamp":"2018-10-25T06:44:19.874Z"}
{"client_id":"M7WhYjvIR","level":"info","message":"undefined","timestamp":"2018-10-25T06:44:34.695Z"}
{"client_id":"iEDyQIADn","level":"info","message":"undefined","timestamp":"2018-10-25T06:45:55.147Z"}
{"client_id":"B6HmtHP7d","level":"info","message":"undefined","timestamp":"2018-10-25T06:47:40.613Z"}
{"client_id":"epE0aT_m2","level":"info","message":"undefined","timestamp":"2018-10-25T06:48:47.063Z"}
{"client_id":"XxeN-OsgB","level":"info","message":"undefined","timestamp":"2018-10-25T06:49:56.818Z"}
{"client_id":"FdiANsdsh","level":"info","message":"undefined","timestamp":"2018-10-25T06:56:46.675Z"}
{"client_id":"spi1PsO4R","level":"info","message":"undefined","timestamp":"2018-10-25T06:57:28.060Z"}
{"client_id":"spi1PsO4R","level":"info","message":"undefined","timestamp":"2018-10-25T06:57:47.352Z"}
{"client_id":"spi1PsO4R","level":"info","message":"undefined","timestamp":"2018-10-25T07:05:50.759Z"}
{"client_id":"spi1PsO4R","level":"info","message":"undefined","timestamp":"2018-10-25T07:05:56.350Z"}
{"client_id":"S-nvbYtwc","level":"info","message":"undefined","timestamp":"2018-10-25T08:02:20.369Z"}
{"client_id":"EZ1S9VF0e","level":"info","message":"undefined","timestamp":"2018-10-25T08:03:50.156Z"}
{"client_id":"k0Uwjfwu-","level":"info","message":"undefined","timestamp":"2018-10-25T09:43:54.007Z"}
{"client_id":"ARAWND0XQ","level":"info","message":"undefined","timestamp":"2018-10-25T09:47:59.125Z"}
{"client_id":"vHnu5XME8","level":"info","message":"undefined","timestamp":"2018-10-25T10:23:21.385Z"}
{"client_id":"RknRS9fOz","level":"info","message":"undefined","timestamp":"2018-10-25T10:25:05.801Z"}
{"client_id":"OwaXFIEoR","level":"info","message":"undefined","timestamp":"2018-10-25T10:26:12.009Z"}
{"client_id":"WWobTQTWD","level":"info","message":"undefined","timestamp":"2018-10-25T10:27:12.503Z"}
{"client_id":"MhEJOrgnT","level":"info","message":"undefined","timestamp":"2018-10-25T10:29:18.163Z"}
{"client_id":"DOHu9RAIk","level":"info","message":"undefined","timestamp":"2018-10-25T11:37:08.855Z"}
{"client_id":"4hK3h4-zp","level":"info","message":"undefined","timestamp":"2018-10-25T11:38:49.130Z"}
{"client_id":"fc7IwUua5","level":"info","message":"undefined","timestamp":"2018-10-25T11:41:55.985Z"}
{"client_id":"m5UZkOB_M","level":"info","message":"undefined","timestamp":"2018-10-25T11:43:42.801Z"}
{"client_id":"iinmm0tdE","level":"info","message":"undefined","timestamp":"2018-10-25T12:00:04.027Z"}
{"client_id":"_qEENFkeA","level":"info","message":"undefined","timestamp":"2018-10-25T12:25:30.206Z"}
{"client_id":"YKOc5Xh2K","level":"info","message":"undefined","timestamp":"2018-10-25T12:27:13.442Z"}
{"client_id":"NJEeWakj2","level":"info","message":"undefined","timestamp":"2018-10-25T12:29:37.178Z"}
{"client_id":"4CBI5r_d6","level":"info","message":"undefined","timestamp":"2018-10-25T12:33:04.866Z"}
{"client_id":"KMkicp_7K","level":"info","message":"undefined","timestamp":"2018-10-25T12:37:08.725Z"}
{"client_id":"pjEAl40Zb","level":"info","message":"undefined","timestamp":"2018-10-25T12:38:44.010Z"}
{"client_id":"EJ7au93vO","level":"info","message":"undefined","timestamp":"2018-10-25T12:40:24.444Z"}
{"client_id":"HqSNulssZ","level":"info","message":"undefined","timestamp":"2018-10-25T14:28:04.184Z"}
{"client_id":"gI9twh3Tb","level":"info","message":"undefined","timestamp":"2018-10-25T14:33:49.611Z"}
{"client_id":"0oTgvyfve","level":"info","message":"undefined","timestamp":"2018-10-25T14:37:02.238Z"}
{"client_id":"3PMl9MjCA","level":"info","message":"undefined","timestamp":"2018-10-25T14:51:55.905Z"}
{"client_id":"THu-Dzwi2","level":"info","message":"undefined","timestamp":"2018-10-25T14:53:07.547Z"}
{"client_id":"Cx7PMMEFY","level":"info","message":"undefined","timestamp":"2018-10-25T14:53:56.433Z"}
{"client_id":"rr_cpIR1e","level":"info","message":"undefined","timestamp":"2018-10-25T15:01:46.472Z"}
{"client_id":"OP-iZXEcd","level":"info","message":"undefined","timestamp":"2018-10-26T06:39:03.867Z"}
{"client_id":"O4jCvmZ5W","level":"info","message":"undefined","timestamp":"2018-10-26T06:41:29.821Z"}
{"client_id":"uJJQ3owki","level":"info","message":"undefined","timestamp":"2018-10-26T06:43:11.311Z"}
{"client_id":"Ng8J2WMnS","level":"info","message":"undefined","timestamp":"2018-10-26T06:45:57.012Z"}
{"client_id":"h3Cs7cILK","level":"info","message":"undefined","timestamp":"2018-10-26T06:56:52.565Z"}
{"client_id":"RA_EPcUdO","level":"info","message":"undefined","timestamp":"2018-10-26T06:58:19.177Z"}
{"client_id":"VrJQZ4OfT","level":"info","message":"undefined","timestamp":"2018-10-26T07:00:27.936Z"}
{"client_id":"uTfZWCULw","level":"info","message":"undefined","timestamp":"2018-10-26T07:48:03.385Z"}
{"client_id":"zYBCUQA0-","level":"info","message":"undefined","timestamp":"2018-10-26T07:51:32.486Z"}
{"client_id":"IOFhU1cvS","level":"info","message":"undefined","timestamp":"2018-10-26T07:53:21.584Z"}
{"client_id":"J5w6szFk3","level":"info","message":"undefined","timestamp":"2018-10-26T08:17:35.853Z"}
{"client_id":"tR7UuFLoJ","level":"info","message":"undefined","timestamp":"2018-10-26T08:18:39.400Z"}
{"client_id":"tpQVSq4_-","level":"info","message":"undefined","timestamp":"2018-10-26T08:19:43.117Z"}
{"client_id":"iQwfrPYEu","level":"info","message":"undefined","timestamp":"2018-10-26T08:21:36.687Z"}
{"client_id":"sC4pBEa0F","level":"info","message":"undefined","timestamp":"2018-10-26T08:30:17.141Z"}
{"client_id":"LbbTuRdFR","level":"info","message":"undefined","timestamp":"2018-10-26T08:32:46.246Z"}
{"client_id":"1y8yt2hE3","level":"info","message":"undefined","timestamp":"2018-10-26T08:39:01.690Z"}
{"client_id":"H170VZU_3","level":"info","message":"undefined","timestamp":"2018-10-26T08:40:33.541Z"}
{"client_id":"qdyNNZbYT","level":"info","message":"undefined","timestamp":"2018-10-26T08:46:21.033Z"}
{"client_id":"0sgPd0p6x","level":"info","message":"undefined","timestamp":"2018-10-26T08:47:27.403Z"}
{"client_id":"tKe0716I_","level":"info","message":"undefined","timestamp":"2018-10-26T08:49:23.104Z"}
{"client_id":"Gx4ZH5YfM","level":"info","message":"undefined","timestamp":"2018-10-26T08:49:29.412Z"}
{"client_id":"5GvFx0-rB","level":"info","message":"undefined","timestamp":"2018-10-26T09:02:27.479Z"}
{"client_id":"J7wrzeZ5I","level":"info","message":"undefined","timestamp":"2018-10-26T09:02:37.626Z"}
{"client_id":"iQmHVieLe","level":"info","message":"undefined","timestamp":"2018-10-26T09:10:51.984Z"}
{"client_id":"DfEKgwdXH","level":"info","message":"undefined","timestamp":"2018-10-26T09:10:55.553Z"}
{"client_id":"oPvnGfyGI","level":"info","message":"undefined","timestamp":"2018-10-26T09:14:25.934Z"}
{"client_id":"quTPbahgn","level":"info","message":"undefined","timestamp":"2018-10-26T09:14:29.623Z"}
{"client_id":"AlXpmf2dG","level":"info","message":"undefined","timestamp":"2018-10-26T09:16:23.870Z"}
{"client_id":"A18U5Ylgy","level":"info","message":"undefined","timestamp":"2018-10-26T09:16:28.426Z"}
{"client_id":"0yGx290P3","level":"info","message":"undefined","timestamp":"2018-10-26T09:17:20.570Z"}
{"client_id":"eQE2gH_v0","level":"info","message":"undefined","timestamp":"2018-10-26T09:17:25.468Z"}
{"client_id":"3GF96nMVm","level":"info","message":"undefined","timestamp":"2018-10-26T09:19:12.840Z"}
{"client_id":"whJM-aQ4z","level":"info","message":"undefined","timestamp":"2018-10-26T09:19:16.232Z"}
{"client_id":"yXJM9Z3DX","level":"info","message":"undefined","timestamp":"2018-10-26T09:21:29.267Z"}
{"client_id":"jYsvyGKdL","level":"info","message":"undefined","timestamp":"2018-10-26T09:21:34.367Z"}
{"client_id":"EcO6KJEf4","level":"info","message":"undefined","timestamp":"2018-10-26T09:24:19.505Z"}
{"client_id":"tGXmGfami","level":"info","message":"undefined","timestamp":"2018-10-26T09:24:22.814Z"}
{"client_id":"tGXmGfami","level":"info","message":"undefined","timestamp":"2018-10-26T09:25:28.954Z"}
{"client_id":"EcO6KJEf4","level":"info","message":"undefined","timestamp":"2018-10-26T09:25:28.963Z"}
{"client_id":"wtyq4bVD5","level":"info","message":"undefined","timestamp":"2018-10-26T09:27:55.037Z"}
{"client_id":"B3szgwyma","level":"info","message":"undefined","timestamp":"2018-10-26T09:27:58.624Z"}
{"client_id":"B3szgwyma","level":"info","message":"undefined","timestamp":"2018-10-26T09:28:41.270Z"}
{"client_id":"wtyq4bVD5","level":"info","message":"undefined","timestamp":"2018-10-26T09:28:41.280Z"}
{"client_id":"bH5dbRW6t","level":"info","message":"undefined","timestamp":"2018-10-26T09:29:37.614Z"}
{"client_id":"AxzOwdlfb","level":"info","message":"undefined","timestamp":"2018-10-26T09:29:48.492Z"}
{"client_id":"xc_UkxA-Z","level":"info","message":"undefined","timestamp":"2018-10-26T09:47:32.697Z"}
{"client_id":"itXaj87Qb","level":"info","message":"undefined","timestamp":"2018-10-26T09:47:36.798Z"}
{"client_id":"2OOdQE5JP","level":"info","message":"undefined","timestamp":"2018-10-26T09:49:09.443Z"}
{"client_id":"ukcWKpuvo","level":"info","message":"undefined","timestamp":"2018-10-26T09:49:11.091Z"}
{"client_id":"DUdsrKm7a","level":"info","message":"undefined","timestamp":"2018-10-26T09:51:29.648Z"}
{"client_id":"n6ZpuAM_I","level":"info","message":"undefined","timestamp":"2018-10-26T09:51:32.367Z"}
{"client_id":"oHPOkgFPd","level":"info","message":"undefined","timestamp":"2018-10-26T09:53:55.711Z"}
{"client_id":"Fy0DNSGAb","level":"info","message":"undefined","timestamp":"2018-10-26T09:58:06.286Z"}
{"client_id":"dVPrUXpxf","level":"info","message":"undefined","timestamp":"2018-10-26T09:59:37.177Z"}
{"client_id":"VecDlWk3W","level":"info","message":"undefined","timestamp":"2018-10-26T10:03:58.938Z"}
{"client_id":"zgBpXv8_a","level":"info","message":"undefined","timestamp":"2018-10-26T10:05:11.639Z"}
{"client_id":"zgBpXv8_a","level":"info","message":"undefined","timestamp":"2018-10-26T10:05:44.744Z"}
{"client_id":"iJfK6rn-2","level":"info","message":"undefined","timestamp":"2018-10-26T10:08:27.910Z"}
{"client_id":"UpicOYLtt","level":"info","message":"undefined","timestamp":"2018-10-26T10:09:44.701Z"}
{"client_id":"Bye2eBIZk","level":"info","message":"undefined","timestamp":"2018-10-26T10:11:03.354Z"}
{"client_id":"JXHZHSQOF","level":"info","message":"undefined","timestamp":"2018-10-26T10:14:55.758Z"}
{"client_id":"5TD5vWFtp","level":"info","message":"undefined","timestamp":"2018-10-26T11:03:07.192Z"}
{"client_id":"fZvRvrdbW","level":"info","message":"undefined","timestamp":"2018-10-26T11:08:58.084Z"}
{"client_id":"hjQeIt5ba","level":"info","message":"undefined","timestamp":"2018-10-26T11:14:53.936Z"}
{"client_id":"bqPbOyFTv","level":"info","message":"undefined","timestamp":"2018-10-26T11:16:57.641Z"}
{"client_id":"Eyfiq1Jzg","level":"info","message":"undefined","timestamp":"2018-10-26T11:19:03.741Z"}
{"client_id":"lZyWLTix7","level":"info","message":"undefined","timestamp":"2018-10-26T11:20:03.908Z"}
{"client_id":"bd-xoH2YK","level":"info","message":"undefined","timestamp":"2018-10-26T11:24:38.495Z"}
{"client_id":"bd-xoH2YK","level":"info","message":"undefined","timestamp":"2018-10-26T11:25:00.826Z"}
{"client_id":"9buDI1Rt9","level":"info","message":"undefined","timestamp":"2018-10-26T11:26:34.353Z"}
{"client_id":"q0jXbu1L0","level":"info","message":"undefined","timestamp":"2018-10-29T09:46:04.820Z"}
{"client_id":"ZSRlgtEzA","level":"info","message":"undefined","timestamp":"2018-10-29T09:49:26.936Z"}
{"client_id":"1DcdN6TPw","level":"info","message":"undefined","timestamp":"2018-10-29T09:52:32.406Z"}
{"client_id":"ifuknbsoT","level":"info","message":"undefined","timestamp":"2018-10-29T09:55:28.926Z"}
{"client_id":"6siTFg7J9","level":"info","message":"undefined","timestamp":"2018-10-29T09:56:49.560Z"}
{"client_id":"GcNHaV97q","level":"info","message":"undefined","timestamp":"2018-10-29T09:59:18.462Z"}
{"client_id":"wirb7jqeG","level":"info","message":"undefined","timestamp":"2018-10-29T10:00:44.004Z"}
{"client_id":"8Ai27C1Vc","level":"info","message":"undefined","timestamp":"2018-10-29T10:05:05.177Z"}
{"client_id":"GCunOeEjP","level":"info","message":"undefined","timestamp":"2018-10-29T10:08:08.153Z"}
{"client_id":"MJ-CLpk5U","level":"info","message":"undefined","timestamp":"2018-10-29T10:10:57.911Z"}
{"client_id":"6_zMtYbPL","level":"info","message":"undefined","timestamp":"2018-10-29T10:18:16.500Z"}
{"client_id":"YtLWHzj8u","level":"info","message":"undefined","timestamp":"2018-10-29T10:19:42.999Z"}
{"client_id":"PWpt_-vut","level":"info","message":"undefined","timestamp":"2018-10-29T10:21:38.594Z"}
{"client_id":"FeNWS08bx","level":"info","message":"undefined","timestamp":"2018-10-29T10:22:51.276Z"}
{"client_id":"ZrRDnr33T","level":"info","message":"undefined","timestamp":"2018-10-29T10:26:16.343Z"}
{"client_id":"0ptJS7Boc","level":"info","message":"undefined","timestamp":"2018-10-29T10:30:17.729Z"}
{"client_id":"_ahRigfR0","level":"info","message":"undefined","timestamp":"2018-10-29T10:32:49.524Z"}
{"client_id":"HZYoIbJ-K","level":"info","message":"undefined","timestamp":"2018-10-29T10:34:39.042Z"}
{"client_id":"rp6qYZP8R","level":"info","message":"undefined","timestamp":"2018-10-29T10:38:24.796Z"}
{"client_id":"Q79EeimS7","level":"info","message":"undefined","timestamp":"2018-10-29T10:52:22.687Z"}
{"client_id":"br3RvkzRX","level":"info","message":"undefined","timestamp":"2018-10-29T10:53:17.557Z"}
{"client_id":"Q79EeimS7","level":"info","message":"undefined","timestamp":"2018-10-29T10:53:17.608Z"}
{"client_id":"TJ8bqqueG","level":"info","message":"undefined","timestamp":"2018-10-29T10:54:03.802Z"}
{"client_id":"VD8gAXqPH","level":"info","message":"undefined","timestamp":"2018-10-29T10:54:08.928Z"}
{"client_id":"iOaOvFvgP","level":"info","message":"undefined","timestamp":"2018-10-29T11:01:23.229Z"}
{"client_id":"lTNTbLtJx","level":"info","message":"undefined","timestamp":"2018-10-29T11:01:27.926Z"}
{"client_id":"8pLfXoEii","level":"info","message":"undefined","timestamp":"2018-10-29T11:04:41.642Z"}
{"client_id":"Vxm1Gopfi","level":"info","message":"undefined","timestamp":"2018-10-29T11:05:04.857Z"}
{"client_id":"guOJnJa8L","level":"info","message":"undefined","timestamp":"2018-10-29T11:07:48.257Z"}
{"client_id":"8NvdX2nbI","level":"info","message":"undefined","timestamp":"2018-10-29T11:07:53.097Z"}
{"client_id":"NhuKDNgHp","level":"info","message":"undefined","timestamp":"2018-10-29T11:09:21.527Z"}
{"client_id":"KTcwCklD7","level":"info","message":"undefined","timestamp":"2018-10-29T11:09:25.299Z"}
{"client_id":"N8vTAEN60","level":"info","message":"undefined","timestamp":"2018-10-29T11:26:12.504Z"}
{"client_id":"PDqT4CYA-","level":"info","message":"undefined","timestamp":"2018-10-29T11:26:17.882Z"}
{"client_id":"qKiIy2774","level":"info","message":"undefined","timestamp":"2018-10-29T11:30:33.700Z"}
{"client_id":"tkjY-Vr4H","level":"info","message":"undefined","timestamp":"2018-10-29T11:30:37.407Z"}
{"client_id":"Kjo2p7CDc","level":"info","message":"undefined","timestamp":"2018-10-29T11:32:19.539Z"}
{"client_id":"IDbThLtjI","level":"info","message":"undefined","timestamp":"2018-10-29T11:32:30.123Z"}
{"client_id":"FxsHj7neu","level":"info","message":"undefined","timestamp":"2018-10-29T11:35:37.296Z"}
{"client_id":"NwNJLx0DO","level":"info","message":"undefined","timestamp":"2018-10-29T11:35:39.512Z"}
{"client_id":"ATJ14nViN","level":"info","message":"undefined","timestamp":"2018-10-29T11:37:25.050Z"}
{"client_id":"NIab5FXWi","level":"info","message":"undefined","timestamp":"2018-10-29T11:37:27.008Z"}
{"client_id":"LLU0WNEaN","level":"info","message":"undefined","timestamp":"2018-10-29T11:39:15.067Z"}
{"client_id":"13c8eu8Gj","level":"info","message":"undefined","timestamp":"2018-10-29T11:39:17.817Z"}
{"client_id":"0FLAMY3MI","level":"info","message":"undefined","timestamp":"2018-10-29T11:40:43.300Z"}
{"client_id":"TPlvREnFC","level":"info","message":"undefined","timestamp":"2018-10-29T11:40:45.111Z"}
{"client_id":"Xp3_4MHyb","level":"info","message":"undefined","timestamp":"2018-10-29T11:42:19.054Z"}
{"client_id":"sfSQQb2vZ","level":"info","message":"undefined","timestamp":"2018-10-29T11:42:24.094Z"}
{"client_id":"XzPEZTKuH","level":"info","message":"undefined","timestamp":"2018-10-29T11:50:45.782Z"}
{"client_id":"oBgGjnEjw","level":"info","message":"undefined","timestamp":"2018-10-29T11:50:49.011Z"}
{"client_id":"byDn3Wcsm","level":"info","message":"undefined","timestamp":"2018-10-29T11:52:11.419Z"}
{"client_id":"6fCFmdv_V","level":"info","message":"undefined","timestamp":"2018-10-29T11:52:14.939Z"}
{"client_id":"M7Iu8QqWz","level":"info","message":"undefined","timestamp":"2018-10-29T11:56:21.823Z"}
{"client_id":"VEiyGKCcP","level":"info","message":"undefined","timestamp":"2018-10-29T11:56:24.187Z"}
{"client_id":"ZYUMJY6tU","level":"info","message":"undefined","timestamp":"2018-10-29T11:58:35.264Z"}
{"client_id":"NnZi5yCG8","level":"info","message":"undefined","timestamp":"2018-10-29T11:58:38.520Z"}
{"client_id":"DRwWXtQs8","level":"info","message":"undefined","timestamp":"2018-10-29T12:07:23.802Z"}
{"client_id":"4CzFBJnOT","level":"info","message":"undefined","timestamp":"2018-10-29T12:07:26.116Z"}
{"client_id":"yhn_1fOsc","level":"info","message":"undefined","timestamp":"2018-10-29T12:09:37.358Z"}
{"client_id":"FhM89P58X","level":"info","message":"undefined","timestamp":"2018-10-29T12:09:38.695Z"}
{"client_id":"cjgH241Ja","level":"info","message":"undefined","timestamp":"2018-10-29T12:16:08.620Z"}
{"client_id":"CNfvdq0-C","level":"info","message":"undefined","timestamp":"2018-10-29T12:16:23.465Z"}
{"client_id":"CNfvdq0-C","level":"info","message":"undefined","timestamp":"2018-10-29T12:17:03.048Z"}
{"client_id":"cjgH241Ja","level":"info","message":"undefined","timestamp":"2018-10-29T12:17:03.058Z"}
{"client_id":"py-ovw19R","level":"info","message":"undefined","timestamp":"2018-10-29T12:50:29.939Z"}
{"client_id":"zR6zyBK2X","level":"info","message":"undefined","timestamp":"2018-10-29T12:50:39.208Z"}
{"client_id":"-zXpgkcEh","level":"info","message":"undefined","timestamp":"2018-10-29T12:51:57.915Z"}
{"client_id":"VnwsRGBHk","level":"info","message":"undefined","timestamp":"2018-10-29T12:55:20.939Z"}
{"client_id":"7XsmNlLl_","level":"info","message":"undefined","timestamp":"2018-10-29T12:55:37.597Z"}
{"client_id":"YXYMI-LBz","level":"info","message":"undefined","timestamp":"2018-10-29T13:01:23.491Z"}
{"client_id":"Y40YUU5DW","level":"info","message":"undefined","timestamp":"2018-10-29T13:02:54.387Z"}
{"client_id":"DXBU9ovjL","level":"info","message":"undefined","timestamp":"2018-10-29T13:03:03.304Z"}
{"client_id":"DXBU9ovjL","level":"info","message":"undefined","timestamp":"2018-10-29T13:03:19.782Z"}
{"client_id":"Y40YUU5DW","level":"info","message":"undefined","timestamp":"2018-10-29T13:03:29.491Z"}
{"client_id":"Dai3w6Ad1","level":"info","message":"undefined","timestamp":"2018-10-29T13:04:25.633Z"}
{"client_id":"fy0pH_9ej","level":"info","message":"undefined","timestamp":"2018-10-29T13:12:27.828Z"}
{"client_id":"g2D5ibGTg","level":"info","message":"undefined","timestamp":"2018-10-29T13:13:34.304Z"}
{"client_id":"umHL7NXBF","level":"info","message":"undefined","timestamp":"2018-10-29T13:17:05.572Z"}
{"client_id":"2stWwuVc0","level":"info","message":"undefined","timestamp":"2018-10-29T13:17:18.929Z"}
{"client_id":"7D1CfI0vW","level":"info","message":"undefined","timestamp":"2018-10-29T13:18:26.731Z"}
{"client_id":"DhB7lhGvF","level":"info","message":"undefined","timestamp":"2018-10-29T13:18:31.981Z"}
{"client_id":"mEaEZ1tnp","level":"info","message":"undefined","timestamp":"2018-10-29T13:21:04.297Z"}
{"client_id":"EYoLDqn8D","level":"info","message":"undefined","timestamp":"2018-10-29T13:21:18.873Z"}
{"client_id":"CqD0MeSom","level":"info","message":"undefined","timestamp":"2018-10-29T13:23:09.025Z"}
{"client_id":"EYoLDqn8D","level":"info","message":"undefined","timestamp":"2018-10-29T13:23:09.058Z"}
{"client_id":"mEaEZ1tnp","level":"info","message":"undefined","timestamp":"2018-10-29T13:23:09.158Z"}
{"client_id":"mEaEZ1tnp","level":"info","message":"undefined","timestamp":"2018-10-29T13:23:12.195Z"}
{"client_id":"NKWXxZnwT","level":"info","message":"undefined","timestamp":"2018-10-29T13:23:57.119Z"}
{"client_id":"IbFIalyYp","level":"info","message":"undefined","timestamp":"2018-10-29T13:24:03.575Z"}
{"client_id":"G6cyg-PJM","level":"info","message":"undefined","timestamp":"2018-10-29T13:24:08.235Z"}
{"client_id":"Nhu2a_uCK","level":"info","message":"undefined","timestamp":"2018-10-29T13:26:31.550Z"}
{"client_id":"U2yeJrCL7","level":"info","message":"undefined","timestamp":"2018-10-29T13:26:39.628Z"}
{"client_id":"bRUM_0ICD","level":"info","message":"undefined","timestamp":"2018-10-29T13:26:44.342Z"}
{"client_id":"98Bd1AcpH","level":"info","message":"undefined","timestamp":"2018-10-29T13:35:52.369Z"}
{"client_id":"mOWFywn7h","level":"info","message":"undefined","timestamp":"2018-10-29T13:36:54.552Z"}
{"client_id":"xdWbUcxg0","level":"info","message":"undefined","timestamp":"2018-10-29T13:39:08.505Z"}
{"client_id":"yjO01cJN3","level":"info","message":"undefined","timestamp":"2018-10-29T13:39:15.918Z"}
{"client_id":"Vubk5HO7Q","level":"info","message":"undefined","timestamp":"2018-10-29T13:43:20.261Z"}
{"client_id":"an4Q8kOVC","level":"info","message":"undefined","timestamp":"2018-10-29T13:43:29.577Z"}
{"client_id":"v__vqaoOe","level":"info","message":"undefined","timestamp":"2018-10-29T13:47:50.629Z"}
{"client_id":"f05gQt89E","level":"info","message":"undefined","timestamp":"2018-10-29T13:47:52.723Z"}
{"client_id":"HdDwIR4wh","level":"info","message":"undefined","timestamp":"2018-10-29T13:50:47.648Z"}
{"client_id":"f17A5QhCG","level":"info","message":"undefined","timestamp":"2018-10-29T13:50:53.614Z"}
{"client_id":"gVjBNnZDa","level":"info","message":"undefined","timestamp":"2018-10-29T13:52:45.894Z"}
{"client_id":"1h96VB-kZ","level":"info","message":"undefined","timestamp":"2018-10-29T13:52:48.499Z"}
{"client_id":"NJQo6NVof","level":"info","message":"undefined","timestamp":"2018-10-29T13:56:29.439Z"}
{"client_id":"CPbpZLTEv","level":"info","message":"undefined","timestamp":"2018-10-29T13:56:38.983Z"}
{"client_id":"h6uKGrG6I","level":"info","message":"undefined","timestamp":"2018-10-29T13:57:56.103Z"}
{"client_id":"9IGshyhTs","level":"info","message":"undefined","timestamp":"2018-10-29T13:57:59.117Z"}
{"client_id":"O9j4SuiVh","level":"info","message":"undefined","timestamp":"2018-10-30T08:38:13.792Z"}
{"client_id":"0v1nkjmC_","level":"info","message":"undefined","timestamp":"2018-10-30T08:38:13.829Z"}
{"client_id":"2MSDUGjgf","level":"info","message":"undefined","timestamp":"2018-10-30T08:44:17.365Z"}
{"client_id":"b6tZ2DVVp","level":"info","message":"undefined","timestamp":"2018-10-30T08:44:20.586Z"}
{"client_id":"D9zc8AONz","level":"info","message":"undefined","timestamp":"2018-10-30T09:32:19.586Z"}
{"client_id":"sLS_x1mVr","level":"info","message":"undefined","timestamp":"2018-10-30T09:32:27.845Z"}
{"client_id":"H0ezwCrs3","level":"info","message":"undefined","timestamp":"2018-10-30T09:35:58.570Z"}
{"client_id":"0QOFDPUuE","level":"info","message":"undefined","timestamp":"2018-10-30T09:36:03.477Z"}
{"client_id":"1gkYM-cei","level":"info","message":"undefined","timestamp":"2018-10-30T09:42:45.002Z"}
{"client_id":"yLtWunNXs","level":"info","message":"undefined","timestamp":"2018-10-30T09:42:46.815Z"}
{"client_id":"iu_EFO9UE","level":"info","message":"undefined","timestamp":"2018-10-30T09:43:48.583Z"}
{"client_id":"z-oMe7eTW","level":"info","message":"undefined","timestamp":"2018-10-30T09:43:51.901Z"}
{"client_id":"SbiCM8UcK","level":"info","message":"undefined","timestamp":"2018-10-30T09:45:53.291Z"}
{"client_id":"wS3-1kd_L","level":"info","message":"undefined","timestamp":"2018-10-30T09:45:59.169Z"}
{"client_id":"bVBoidq8N","level":"info","message":"undefined","timestamp":"2018-10-30T09:48:48.017Z"}
{"client_id":"IGRIHxK19","level":"info","message":"undefined","timestamp":"2018-10-30T09:48:50.524Z"}
{"client_id":"cvzEjdqRJ","level":"info","message":"undefined","timestamp":"2018-10-30T09:52:35.993Z"}
{"client_id":"MpafqNIpz","level":"info","message":"undefined","timestamp":"2018-10-30T09:52:37.997Z"}
{"client_id":"cY3RAI2mw","level":"info","message":"undefined","timestamp":"2018-10-30T09:57:20.409Z"}
{"client_id":"Z7FR3nKvK","level":"info","message":"undefined","timestamp":"2018-10-30T09:57:25.790Z"}
{"client_id":"x2ZTlj9D0","level":"info","message":"undefined","timestamp":"2018-10-30T09:59:11.719Z"}
{"client_id":"z0Sp0ILO1","level":"info","message":"undefined","timestamp":"2018-10-30T09:59:14.096Z"}
{"client_id":"XXR2cv4Cd","level":"info","message":"undefined","timestamp":"2018-10-30T10:02:09.539Z"}
{"client_id":"c4koCiq4y","level":"info","message":"undefined","timestamp":"2018-10-30T10:02:11.443Z"}
{"client_id":"gSNcnAzL7","level":"info","message":"undefined","timestamp":"2018-10-30T10:05:30.936Z"}
{"client_id":"IITT1QIb1","level":"info","message":"undefined","timestamp":"2018-10-30T10:05:33.791Z"}
{"client_id":"5J3VIjP4o","level":"info","message":"undefined","timestamp":"2018-10-30T10:10:34.538Z"}
{"client_id":"HXE3Bo6ki","level":"info","message":"undefined","timestamp":"2018-10-30T10:10:38.173Z"}
{"client_id":"LcMDwsPOF","level":"info","message":"undefined","timestamp":"2018-10-30T10:12:49.800Z"}
{"client_id":"EOBKvbFFr","level":"info","message":"undefined","timestamp":"2018-10-30T10:12:53.448Z"}
{"client_id":"Nm-8vdrG9","level":"info","message":"undefined","timestamp":"2018-10-30T10:17:54.335Z"}
{"client_id":"b85Va_num","level":"info","message":"undefined","timestamp":"2018-10-30T10:17:56.306Z"}
{"client_id":"n1BGRLUiQ","level":"info","message":"undefined","timestamp":"2018-10-30T10:29:19.152Z"}
{"client_id":"cdxtZr-b9","level":"info","message":"undefined","timestamp":"2018-10-30T10:29:23.335Z"}
{"client_id":"n7d463sLy","level":"info","message":"undefined","timestamp":"2018-10-30T10:33:36.965Z"}
{"client_id":"XzZoZifsc","level":"info","message":"undefined","timestamp":"2018-10-30T10:33:39.249Z"}
{"client_id":"cpPfmjeb5","level":"info","message":"undefined","timestamp":"2018-10-30T10:36:26.807Z"}
{"client_id":"HO07jw0Tb","level":"info","message":"undefined","timestamp":"2018-10-30T10:36:32.037Z"}
{"client_id":"3j5DKFsPh","level":"info","message":"undefined","timestamp":"2018-10-30T10:40:23.085Z"}
{"client_id":"tHv1mu5Lx","level":"info","message":"undefined","timestamp":"2018-10-30T10:40:31.647Z"}
{"client_id":"6k9CoMj5-","level":"info","message":"undefined","timestamp":"2018-10-30T10:48:37.324Z"}
{"client_id":"_NtaYnHuq","level":"info","message":"undefined","timestamp":"2018-10-30T10:48:40.453Z"}
{"client_id":"kzxvgitWB","level":"info","message":"undefined","timestamp":"2018-10-30T10:53:58.791Z"}
{"client_id":"b_6V3XPYZ","level":"info","message":"undefined","timestamp":"2018-10-30T10:54:00.852Z"}
{"client_id":"o3DV-uuiW","level":"info","message":"undefined","timestamp":"2018-10-30T11:02:00.471Z"}
{"client_id":"4_vJ26fGO","level":"info","message":"undefined","timestamp":"2018-10-30T11:02:28.993Z"}
{"client_id":"fJJEYgKcn","level":"info","message":"undefined","timestamp":"2018-10-30T11:04:06.192Z"}
{"client_id":"ascYvaqTj","level":"info","message":"undefined","timestamp":"2018-10-30T11:04:11.334Z"}
{"client_id":"Hc_B1f8iS","level":"info","message":"undefined","timestamp":"2018-10-30T11:39:50.346Z"}
{"client_id":"ZSdVlPRDQ","level":"info","message":"undefined","timestamp":"2018-10-30T11:39:53.277Z"}
{"client_id":"T5dNkUl4O","level":"info","message":"undefined","timestamp":"2018-10-30T11:43:38.601Z"}
{"client_id":"QQntWEnKG","level":"info","message":"undefined","timestamp":"2018-10-30T11:43:57.230Z"}
{"client_id":"apEXUg0i6","level":"info","message":"undefined","timestamp":"2018-10-30T11:46:54.618Z"}
{"client_id":"zRPTUT4XY","level":"info","message":"undefined","timestamp":"2018-10-30T11:46:57.907Z"}
{"client_id":"shle6q3up","level":"info","message":"undefined","timestamp":"2018-10-30T11:48:14.994Z"}
{"client_id":"-vImjD2H1","level":"info","message":"undefined","timestamp":"2018-10-30T11:48:17.698Z"}
{"client_id":"1YYIlRZhV","level":"info","message":"undefined","timestamp":"2018-10-30T11:55:35.949Z"}
{"client_id":"-lPGjwtzb","level":"info","message":"undefined","timestamp":"2018-10-30T11:55:39.463Z"}
{"client_id":"JCunFU0Yx","level":"info","message":"undefined","timestamp":"2018-10-30T12:15:07.181Z"}
{"client_id":"5rtzB18iN","level":"info","message":"undefined","timestamp":"2018-10-30T12:15:09.662Z"}
{"client_id":"KZkvd027m","level":"info","message":"undefined","timestamp":"2018-10-30T12:26:28.503Z"}
{"client_id":"o9DyBzmNQ","level":"info","message":"undefined","timestamp":"2018-10-30T12:26:31.550Z"}
{"client_id":"88WHhKjsO","level":"info","message":"undefined","timestamp":"2018-10-30T12:31:32.075Z"}
{"client_id":"2rxmGDcRt","level":"info","message":"undefined","timestamp":"2018-10-30T12:31:35.841Z"}
{"client_id":"onqsSYm6I","level":"info","message":"undefined","timestamp":"2018-10-30T12:36:10.416Z"}
{"client_id":"3XSavr_t8","level":"info","message":"undefined","timestamp":"2018-10-30T12:36:13.857Z"}
{"client_id":"34NLIncJm","level":"info","message":"undefined","timestamp":"2018-10-30T12:37:35.627Z"}
{"client_id":"Ysr6tE2Gf","level":"info","message":"undefined","timestamp":"2018-10-30T12:37:38.746Z"}
{"client_id":"SbVB23t9P","level":"info","message":"undefined","timestamp":"2018-10-30T12:42:08.841Z"}
{"client_id":"VVGIpeMPy","level":"info","message":"undefined","timestamp":"2018-10-30T12:42:11.448Z"}
{"client_id":"ht-oYK2Li","level":"info","message":"undefined","timestamp":"2018-10-30T12:52:40.002Z"}
{"client_id":"S2AFnAQrC","level":"info","message":"undefined","timestamp":"2018-10-30T13:00:36.706Z"}
{"client_id":"ROQ_ZWLB-","level":"info","message":"undefined","timestamp":"2018-10-30T13:02:08.569Z"}
{"client_id":"uQvoJ6kTh","level":"info","message":"undefined","timestamp":"2018-10-30T13:05:11.901Z"}
{"client_id":"BwImiu1wD","level":"info","message":"undefined","timestamp":"2018-10-30T13:12:37.958Z"}
{"client_id":"JOhXNJIQk","level":"info","message":"undefined","timestamp":"2018-10-30T13:14:41.449Z"}
{"client_id":"MUZKj33FF","level":"info","message":"undefined","timestamp":"2018-10-30T13:20:01.664Z"}
{"client_id":"HSBBU4CSY","level":"info","message":"undefined","timestamp":"2018-10-30T13:22:00.494Z"}
{"client_id":"mivu3afeP","level":"info","message":"undefined","timestamp":"2018-10-30T13:25:03.213Z"}
{"client_id":"Srns_UreB","level":"info","message":"undefined","timestamp":"2018-10-30T13:25:06.460Z"}
{"client_id":"mivu3afeP","level":"info","message":"undefined","timestamp":"2018-10-30T13:25:34.928Z"}
{"client_id":"Srns_UreB","level":"info","message":"undefined","timestamp":"2018-10-30T13:25:34.959Z"}
{"client_id":"mivu3afeP","level":"info","message":"undefined","timestamp":"2018-10-30T13:25:49.869Z"}
{"client_id":"Srns_UreB","level":"info","message":"undefined","timestamp":"2018-10-30T13:25:49.903Z"}
{"client_id":"49_a8Gk9v","level":"info","message":"undefined","timestamp":"2018-10-30T13:42:17.482Z"}
{"client_id":"0SJP31Sse","level":"info","message":"undefined","timestamp":"2018-10-30T13:42:19.665Z"}
{"client_id":"fMr8SX4eI","level":"info","message":"undefined","timestamp":"2018-10-31T09:09:42.933Z"}
{"client_id":"cEzBj4PtY","level":"info","message":"undefined","timestamp":"2018-10-31T09:18:48.229Z"}
{"client_id":"puTwaCLhe","level":"info","message":"undefined","timestamp":"2018-10-31T09:20:02.204Z"}
{"client_id":"GtuRbIiSh","level":"info","message":"undefined","timestamp":"2018-10-31T09:20:02.264Z"}
{"client_id":"puTwaCLhe","level":"info","message":"undefined","timestamp":"2018-10-31T09:20:21.131Z"}
{"client_id":"GtuRbIiSh","level":"info","message":"undefined","timestamp":"2018-10-31T09:20:21.166Z"}
{"client_id":"M1sOebUFL","level":"info","message":"undefined","timestamp":"2018-10-31T09:21:29.230Z"}
{"client_id":"nqWVcWLaL","level":"info","message":"undefined","timestamp":"2018-10-31T09:50:42.714Z"}
{"client_id":"zkaaqFewL","level":"info","message":"undefined","timestamp":"2018-10-31T09:50:58.342Z"}
{"client_id":"zkaaqFewL","level":"info","message":"undefined","timestamp":"2018-10-31T09:51:14.265Z"}
{"client_id":"nqWVcWLaL","level":"info","message":"undefined","timestamp":"2018-10-31T09:51:14.348Z"}
{"client_id":"zkaaqFewL","level":"info","message":"undefined","timestamp":"2018-10-31T09:51:24.242Z"}
{"client_id":"nqWVcWLaL","level":"info","message":"undefined","timestamp":"2018-10-31T09:51:24.338Z"}
{"client_id":"zkaaqFewL","level":"info","message":"undefined","timestamp":"2018-10-31T09:52:20.997Z"}
{"client_id":"nqWVcWLaL","level":"info","message":"undefined","timestamp":"2018-10-31T09:52:28.311Z"}
{"client_id":"80rZYi7qo","level":"info","message":"undefined","timestamp":"2018-10-31T10:07:05.933Z"}
{"client_id":"rw191N0Ak","level":"info","message":"undefined","timestamp":"2018-10-31T10:07:57.248Z"}
{"client_id":"eFwTmIwPK","level":"info","message":"undefined","timestamp":"2018-10-31T10:08:39.241Z"}
{"client_id":"RQssbdIdy","level":"info","message":"undefined","timestamp":"2018-10-31T10:08:40.917Z"}
{"client_id":"RQssbdIdy","level":"info","message":"undefined","timestamp":"2018-10-31T10:08:50.847Z"}
{"client_id":"eFwTmIwPK","level":"info","message":"undefined","timestamp":"2018-10-31T10:08:50.873Z"}
{"client_id":"RQssbdIdy","level":"info","message":"undefined","timestamp":"2018-10-31T10:08:55.705Z"}
{"client_id":"eFwTmIwPK","level":"info","message":"undefined","timestamp":"2018-10-31T10:08:55.736Z"}
{"client_id":"LL1P98-dF","level":"info","message":"undefined","timestamp":"2018-10-31T10:28:20.761Z"}
{"client_id":"ejPElWOUd","level":"info","message":"undefined","timestamp":"2018-10-31T10:28:20.801Z"}
{"client_id":"LL1P98-dF","level":"info","message":"undefined","timestamp":"2018-10-31T10:28:51.364Z"}
{"client_id":"ejPElWOUd","level":"info","message":"undefined","timestamp":"2018-10-31T10:28:51.399Z"}
{"client_id":"OGpgjQBc1","level":"info","message":"undefined","timestamp":"2018-10-31T10:35:18.526Z"}
{"client_id":"OGpgjQBc1","level":"info","message":"undefined","timestamp":"2018-10-31T10:35:35.427Z"}
{"client_id":"oG-erPxp2","level":"info","message":"undefined","timestamp":"2018-10-31T10:39:00.653Z"}
{"client_id":"Tp-3Ocv0_","level":"info","message":"undefined","timestamp":"2018-10-31T10:39:13.084Z"}
{"client_id":"spyf8Vaiw","level":"info","message":"undefined","timestamp":"2018-10-31T10:42:38.299Z"}
{"client_id":"EnDJv4KHK","level":"info","message":"undefined","timestamp":"2018-10-31T11:06:24.093Z"}
{"client_id":"BET_FB9AT","level":"info","message":"undefined","timestamp":"2018-10-31T11:08:52.762Z"}
{"client_id":"rdxhmmX-L","level":"info","message":"undefined","timestamp":"2018-10-31T11:10:31.461Z"}
{"client_id":"bphR77Pcj","level":"info","message":"undefined","timestamp":"2018-10-31T11:15:27.416Z"}
{"client_id":"TCLx-5OeR","level":"info","message":"undefined","timestamp":"2018-10-31T11:16:17.620Z"}
{"client_id":"Vk6uJo8hQ","level":"info","message":"undefined","timestamp":"2018-10-31T11:17:07.884Z"}
{"client_id":"Vk6uJo8hQ","level":"info","message":"undefined","timestamp":"2018-10-31T11:17:30.335Z"}
{"client_id":"3oSICFiGc","level":"info","message":"undefined","timestamp":"2018-10-31T11:17:35.610Z"}
{"client_id":"Bzi7wFW1i","level":"info","message":"undefined","timestamp":"2018-10-31T11:54:03.421Z"}
{"client_id":"wEoSc9AIJ","level":"info","message":"undefined","timestamp":"2018-10-31T11:57:53.104Z"}
{"client_id":"psx29CTXt","level":"info","message":"undefined","timestamp":"2018-10-31T11:58:00.806Z"}
{"client_id":"OlJwql1N-","level":"info","message":"undefined","timestamp":"2018-11-01T10:34:03.995Z"}
{"client_id":"L4q-dA-c0","level":"info","message":"undefined","timestamp":"2018-11-01T10:56:14.413Z"}
{"client_id":"3ZItLxCHt","level":"info","message":"undefined","timestamp":"2018-11-01T11:11:00.979Z"}
{"client_id":"lRItqTT5y","level":"info","message":"undefined","timestamp":"2018-11-01T11:14:52.272Z"}
{"client_id":"k3E2T5aGr","level":"info","message":"undefined","timestamp":"2018-11-01T11:21:16.734Z"}
{"client_id":"LJJBbt49A","level":"info","message":"undefined","timestamp":"2018-11-01T11:25:59.639Z"}
{"client_id":"oYqBdg293","level":"info","message":"undefined","timestamp":"2018-11-01T12:29:56.488Z"}
{"client_id":"BTCpkOItW","level":"info","message":"undefined","timestamp":"2018-11-01T12:32:17.998Z"}
{"client_id":"9c-q0trJ3","level":"info","message":"undefined","timestamp":"2018-11-01T12:36:40.609Z"}
{"client_id":"delAtGVfR","level":"info","message":"undefined","timestamp":"2018-11-01T13:10:16.599Z"}
{"client_id":"aloWIo308","level":"info","message":"undefined","timestamp":"2018-11-01T13:22:48.566Z"}
{"client_id":"J_QPppGOE","level":"info","message":"undefined","timestamp":"2018-11-01T13:22:48.622Z"}
{"client_id":"7D3-kWJ9G","level":"info","message":"undefined","timestamp":"2018-11-01T13:25:16.140Z"}
{"client_id":"uvKEYGzM7","level":"info","message":"undefined","timestamp":"2018-11-01T13:25:16.158Z"}
{"client_id":"7D3-kWJ9G","level":"info","message":"undefined","timestamp":"2018-11-01T13:26:30.038Z"}
{"client_id":"uvKEYGzM7","level":"info","message":"undefined","timestamp":"2018-11-01T13:26:30.089Z"}
{"client_id":"7D3-kWJ9G","level":"info","message":"undefined","timestamp":"2018-11-01T13:26:30.114Z"}
{"client_id":"uvKEYGzM7","level":"info","message":"undefined","timestamp":"2018-11-01T13:26:31.080Z"}
{"client_id":"qe37MPHnr","level":"info","message":"undefined","timestamp":"2018-11-01T14:06:34.928Z"}
{"client_id":"61il-QYIN","level":"info","message":"undefined","timestamp":"2018-11-01T14:29:39.987Z"}
{"client_id":"D0g4w-5d1","level":"info","message":"undefined","timestamp":"2018-11-01T14:29:40.056Z"}
{"client_id":"Bb_fufCEZ","level":"info","message":"undefined","timestamp":"2018-11-02T09:35:34.665Z"}
{"client_id":"N4kIH2rdF","level":"info","message":"undefined","timestamp":"2018-11-02T10:04:56.158Z"}
